#
# An unexpected error has been detected by HotSpot Virtual Machine:
#
#  EXCEPTION_ACCESS_VIOLATION (0xc0000005) at pc=0x6d15f7c9, pid=3080, tid=2628
#
# Java VM: Java HotSpot(TM) Client VM (1.5.0_20-b02 mixed mode)
# Problematic frame:
# C  [awt.dll+0xef7c9]
#

---------------  T H R E A D  ---------------

Current thread (0x0086cca0):  JavaThread "AWT-EventQueue-0" [_thread_in_native, id=2628]

siginfo: ExceptionCode=0xc0000005, reading address 0x00000018

Registers:
EAX=0x2c4d3600, EBX=0x00000000, ECX=0x2c4d30d0, EDX=0x00000000
ESP=0x2664f5e4, EBP=0x2664f610, ESI=0x144d4778, EDI=0x0086cd60
EIP=0x6d15f7c9, EFLAGS=0x00010296

Top of Stack: (sp=0x2664f5e4)
0x2664f5e4:   144d4778 6d16080d 00000001 2664f5fc
0x2664f5f4:   0086cca0 144d4778 00000000 00000000
0x2664f604:   00000000 00000000 0086c150 2664f640
0x2664f614:   01ec82ff 00869152 2664f654 00000001
0x2664f624:   2664f624 00000000 2664f654 144d5d18
0x2664f634:   00000000 144d4778 2664f650 2664f674
0x2664f644:   01ec2aba 00000000 01ec6513 00000001
0x2664f654:   047fc8c8 2664f658 144d47f0 2664f67c 

Instructions: (pc=0x6d15f7c9)
0x6d15f7b9:   03 fc ff 8b 4c 24 08 8b 14 88 8b 0d c8 94 1a 6d
0x6d15f7c9:   8b 72 18 e8 cb 03 fc ff 8b c6 5e c3 90 90 90 90 


Stack: [0x26550000,0x26650000),  sp=0x2664f5e4,  free space=1021k
Native frames: (J=compiled Java code, j=interpreted, Vv=VM code, C=native code)
C  [awt.dll+0xef7c9]
j  sun.awt.Win32GraphicsConfig.getBounds(I)Ljava/awt/Rectangle;+0
j  sun.awt.Win32GraphicsConfig.getBounds()Ljava/awt/Rectangle;+8
j  oracle.ide.util.GraphicsUtils.getScreenBounds()[Ljava/awt/Rectangle;+40
j  oracle.ide.util.GraphicsUtils.getPopupMenuShowPoint(Ljavax/swing/JPopupMenu;II)Ljava/awt/Point;+26
j  oracle.ide.util.GraphicsUtils.getPopupMenuShowPoint(Ljavax/swing/JPopupMenu;Ljava/awt/event/MouseEvent;)Ljava/awt/Point;+32
j  oracle.ide.controller.ContextMenu.show(Loracle/ide/Context;)V+88
j  oracle.ide.ceditor.CodeEditor.showPopup(Loracle/javatools/editor/BasicEditorPane;Ljava/awt/event/MouseEvent;)V+59
j  oracle.javatools.editor.BasicCaret.checkIsPopupTrigger(Ljava/awt/event/MouseEvent;)V+24
j  oracle.javatools.editor.BasicCaret.mouseReleased(Ljava/awt/event/MouseEvent;)V+7
j  oracle.javatools.editor.plugins.DragDropPlugin$DragCaret.mouseReleased(Ljava/awt/event/MouseEvent;)V+119
j  java.awt.AWTEventMulticaster.mouseReleased(Ljava/awt/event/MouseEvent;)V+21
j  java.awt.AWTEventMulticaster.mouseReleased(Ljava/awt/event/MouseEvent;)V+8
j  java.awt.AWTEventMulticaster.mouseReleased(Ljava/awt/event/MouseEvent;)V+8
j  java.awt.Component.processMouseEvent(Ljava/awt/event/MouseEvent;)V+64
j  javax.swing.JComponent.processMouseEvent(Ljava/awt/event/MouseEvent;)V+23
J  java.awt.Component.processEvent(Ljava/awt/AWTEvent;)V
J  java.awt.Container.processEvent(Ljava/awt/AWTEvent;)V
J  java.awt.Component.dispatchEventImpl(Ljava/awt/AWTEvent;)V
J  java.awt.Container.dispatchEventImpl(Ljava/awt/AWTEvent;)V
J  java.awt.LightweightDispatcher.retargetMouseEvent(Ljava/awt/Component;ILjava/awt/event/MouseEvent;)V
J  java.awt.LightweightDispatcher.processMouseEvent(Ljava/awt/event/MouseEvent;)Z
J  java.awt.LightweightDispatcher.dispatchEvent(Ljava/awt/AWTEvent;)Z
J  java.awt.Container.dispatchEventImpl(Ljava/awt/AWTEvent;)V
J  java.awt.Window.dispatchEventImpl(Ljava/awt/AWTEvent;)V
J  java.awt.EventQueue.dispatchEvent(Ljava/awt/AWTEvent;)V
J  java.awt.EventDispatchThread.pumpOneEventForHierarchy(ILjava/awt/Component;)Z
J  java.awt.EventDispatchThread.pumpEventsForHierarchy(ILjava/awt/Conditional;Ljava/awt/Component;)V
v  ~OSRAdapter
j  java.awt.EventDispatchThread.pumpEvents(ILjava/awt/Conditional;)V+4
j  java.awt.EventDispatchThread.pumpEvents(Ljava/awt/Conditional;)V+3
j  java.awt.EventDispatchThread.run()V+9
v  ~StubRoutines::call_stub
V  [jvm.dll+0x876b1]
V  [jvm.dll+0xe0001]
V  [jvm.dll+0x87582]
V  [jvm.dll+0x872df]
V  [jvm.dll+0xa2131]
V  [jvm.dll+0x111949]
V  [jvm.dll+0x111917]
C  [msvcrt.dll+0x2a3b0]
C  [kernel32.dll+0xb699]

Java frames: (J=compiled Java code, j=interpreted, Vv=VM code)
j  sun.awt.Win32GraphicsConfig.getBounds(I)Ljava/awt/Rectangle;+0
j  sun.awt.Win32GraphicsConfig.getBounds()Ljava/awt/Rectangle;+8
j  oracle.ide.util.GraphicsUtils.getScreenBounds()[Ljava/awt/Rectangle;+40
j  oracle.ide.util.GraphicsUtils.getPopupMenuShowPoint(Ljavax/swing/JPopupMenu;II)Ljava/awt/Point;+26
j  oracle.ide.util.GraphicsUtils.getPopupMenuShowPoint(Ljavax/swing/JPopupMenu;Ljava/awt/event/MouseEvent;)Ljava/awt/Point;+32
j  oracle.ide.controller.ContextMenu.show(Loracle/ide/Context;)V+88
j  oracle.ide.ceditor.CodeEditor.showPopup(Loracle/javatools/editor/BasicEditorPane;Ljava/awt/event/MouseEvent;)V+59
j  oracle.javatools.editor.BasicCaret.checkIsPopupTrigger(Ljava/awt/event/MouseEvent;)V+24
j  oracle.javatools.editor.BasicCaret.mouseReleased(Ljava/awt/event/MouseEvent;)V+7
j  oracle.javatools.editor.plugins.DragDropPlugin$DragCaret.mouseReleased(Ljava/awt/event/MouseEvent;)V+119
j  java.awt.AWTEventMulticaster.mouseReleased(Ljava/awt/event/MouseEvent;)V+21
j  java.awt.AWTEventMulticaster.mouseReleased(Ljava/awt/event/MouseEvent;)V+8
j  java.awt.AWTEventMulticaster.mouseReleased(Ljava/awt/event/MouseEvent;)V+8
j  java.awt.Component.processMouseEvent(Ljava/awt/event/MouseEvent;)V+64
j  javax.swing.JComponent.processMouseEvent(Ljava/awt/event/MouseEvent;)V+23
J  java.awt.Component.processEvent(Ljava/awt/AWTEvent;)V
J  java.awt.Container.processEvent(Ljava/awt/AWTEvent;)V
J  java.awt.Component.dispatchEventImpl(Ljava/awt/AWTEvent;)V
J  java.awt.Container.dispatchEventImpl(Ljava/awt/AWTEvent;)V
J  java.awt.LightweightDispatcher.retargetMouseEvent(Ljava/awt/Component;ILjava/awt/event/MouseEvent;)V
J  java.awt.LightweightDispatcher.processMouseEvent(Ljava/awt/event/MouseEvent;)Z
J  java.awt.LightweightDispatcher.dispatchEvent(Ljava/awt/AWTEvent;)Z
J  java.awt.Container.dispatchEventImpl(Ljava/awt/AWTEvent;)V
J  java.awt.Window.dispatchEventImpl(Ljava/awt/AWTEvent;)V
J  java.awt.EventQueue.dispatchEvent(Ljava/awt/AWTEvent;)V
J  java.awt.EventDispatchThread.pumpOneEventForHierarchy(ILjava/awt/Component;)Z
J  java.awt.EventDispatchThread.pumpEventsForHierarchy(ILjava/awt/Conditional;Ljava/awt/Component;)V
v  ~OSRAdapter
j  java.awt.EventDispatchThread.pumpEvents(ILjava/awt/Conditional;)V+4
j  java.awt.EventDispatchThread.pumpEvents(Ljava/awt/Conditional;)V+3
j  java.awt.EventDispatchThread.run()V+9
v  ~StubRoutines::call_stub

---------------  P R O C E S S  ---------------

Java Threads: ( => current thread )
  0x2fc9b160 JavaThread "JDI Event Queue Timer" daemon [_thread_blocked, id=1400]
  0x2fc91280 JavaThread "ImplementsOverrideGutterUpdater34" [_thread_blocked, id=3456]
  0x2fc903b0 JavaThread "SemanticChecker34" [_thread_blocked, id=1368]
  0x2cf436d0 JavaThread "JPDA Event Processor" [_thread_blocked, id=3980]
  0x2ce5d480 JavaThread "BrowserProcessOut" [_thread_in_native, id=3772]
  0x2ce5e310 JavaThread "BrowserProcessErr" [_thread_in_native, id=4056]
  0x0090be70 JavaThread "JDI Target VM Interface" daemon [_thread_in_native, id=2344]
  0x2ce79720 JavaThread "JDI Internal Event Handler" daemon [_thread_blocked, id=2240]
  0x2ce6b140 JavaThread "WaitForProcess" [_thread_in_native, id=3964]
  0x2ce6e160 JavaThread "LogOutput - Embedded OC4J Server System.err" [_thread_in_native, id=4052]
  0x2ce6fc10 JavaThread "LogOutput - Embedded OC4J Server System.out" [_thread_in_native, id=3124]
  0x2ce61880 JavaThread "Oc4jListener" [_thread_in_native, id=3808]
  0x2daeabe0 JavaThread "Persistence Auto Flusher" daemon [_thread_blocked, id=1068]
  0x2da9ba90 JavaThread "IconOverlayTracker Timer" [_thread_blocked, id=4072]
  0x2c53a570 JavaThread "AuditExecutor-188" daemon [_thread_blocked, id=1072]
  0x2c4d9660 JavaThread "WaitCursorTimer" daemon [_thread_blocked, id=1504]
  0x2c4c6220 JavaThread "BufferDomModel background parse thread" daemon [_thread_blocked, id=2428]
  0x2c460310 JavaThread "WaitCursorTimer" daemon [_thread_blocked, id=3248]
  0x008e7610 JavaThread "Native Directory Watcher" [_thread_in_native, id=3224]
  0x2c45b850 JavaThread "WeakDataReference polling" [_thread_blocked, id=3264]
  0x008e7970 JavaThread "IconOverlayTracker Timer" [_thread_blocked, id=2348]
  0x2c451400 JavaThread "Timer-2" [_thread_blocked, id=584]
  0x2c451e70 JavaThread "Timer-1" [_thread_blocked, id=3912]
  0x00871e70 JavaThread "TimerQueue" daemon [_thread_blocked, id=3432]
=>0x0086cca0 JavaThread "AWT-EventQueue-0" [_thread_in_native, id=2628]
  0x0086ba10 JavaThread "AWT-Shutdown" [_thread_blocked, id=2592]
  0x00869270 JavaThread "Java2D Disposer" daemon [_thread_blocked, id=2328]
  0x008688f0 JavaThread "AWT-Windows" daemon [_thread_in_native, id=2916]
  0x00859e70 JavaThread "Low Memory Detector" daemon [_thread_blocked, id=2700]
  0x00857550 JavaThread "CompilerThread0" daemon [_thread_blocked, id=2704]
  0x00856450 JavaThread "Signal Dispatcher" daemon [_thread_blocked, id=3016]
  0x00855040 JavaThread "Surrogate Locker Thread (CMS)" daemon [_thread_blocked, id=2928]
  0x008534a0 JavaThread "Finalizer" daemon [_thread_blocked, id=160]
  0x008521e0 JavaThread "Reference Handler" daemon [_thread_blocked, id=132]
  0x00845710 JavaThread "main" [_thread_blocked, id=3084]

Other Threads:
  0x008514c0 VMThread [id=4048]
  0x0085aad0 WatcherThread [id=2616]

VM state:not at safepoint (normal execution)

VM Mutex/Monitor currently owned by a thread: None

Heap
 par new generation   total 8128K, used 7437K [0x040c0000, 0x048c0000, 0x048c0000)
  eden space 8064K,  92% used [0x040c0000, 0x048035b0, 0x048a0000)
  from space 64K,   0% used [0x048b0000, 0x048b0000, 0x048c0000)
  to   space 64K,   0% used [0x048a0000, 0x048a0000, 0x048b0000)
 concurrent mark-sweep generation total 219972K, used 114828K [0x048c0000, 0x11f91000, 0x140c0000)
 concurrent-mark-sweep perm gen total 122248K, used 73323K [0x140c0000, 0x1b822000, 0x240c0000)

Dynamic libraries:
0x00400000 - 0x0041d000 	C:\jdevstudio10133\jdev\bin\jdevw.exe
0x7c900000 - 0x7c9b2000 	C:\WINDOWS\system32\ntdll.dll
0x7c800000 - 0x7c8f5000 	C:\WINDOWS\system32\kernel32.dll
0x7e410000 - 0x7e4a1000 	C:\WINDOWS\system32\USER32.dll
0x77f10000 - 0x77f58000 	C:\WINDOWS\system32\GDI32.dll
0x763b0000 - 0x763f9000 	C:\WINDOWS\system32\comdlg32.dll
0x77f60000 - 0x77fd6000 	C:\WINDOWS\system32\SHLWAPI.dll
0x77dd0000 - 0x77e6b000 	C:\WINDOWS\system32\ADVAPI32.dll
0x77e70000 - 0x77f01000 	C:\WINDOWS\system32\RPCRT4.dll
0x77c10000 - 0x77c68000 	C:\WINDOWS\system32\msvcrt.dll
0x5d090000 - 0x5d12a000 	C:\WINDOWS\system32\COMCTL32.dll
0x7c9c0000 - 0x7d1d7000 	C:\WINDOWS\system32\SHELL32.dll
0x76390000 - 0x763ad000 	C:\WINDOWS\system32\IMM32.DLL
0x629c0000 - 0x629c9000 	C:\WINDOWS\system32\LPK.DLL
0x74d90000 - 0x74dfb000 	C:\WINDOWS\system32\USP10.dll
0x773d0000 - 0x774d3000 	C:\WINDOWS\WinSxS\x86_Microsoft.Windows.Common-Controls_6595b64144ccf1df_6.0.2600.2982_x-ww_ac3f9c03\comctl32.dll
0x3d930000 - 0x3da01000 	C:\WINDOWS\system32\WININET.dll
0x009c0000 - 0x009c9000 	C:\WINDOWS\system32\Normaliz.dll
0x3dfd0000 - 0x3e015000 	C:\WINDOWS\system32\iertutil.dll
0x77fe0000 - 0x77ff1000 	C:\WINDOWS\system32\Secur32.dll
0x71ab0000 - 0x71ac7000 	C:\WINDOWS\system32\ws2_32.dll
0x71aa0000 - 0x71aa8000 	C:\WINDOWS\system32\WS2HELP.dll
0x76ee0000 - 0x76f1c000 	C:\WINDOWS\system32\RASAPI32.dll
0x76e90000 - 0x76ea2000 	C:\WINDOWS\system32\rasman.dll
0x5b860000 - 0x5b8b4000 	C:\WINDOWS\system32\NETAPI32.dll
0x76eb0000 - 0x76edf000 	C:\WINDOWS\system32\TAPI32.dll
0x76e80000 - 0x76e8e000 	C:\WINDOWS\system32\rtutils.dll
0x76b40000 - 0x76b6d000 	C:\WINDOWS\system32\WINMM.dll
0x769c0000 - 0x76a73000 	C:\WINDOWS\system32\USERENV.dll
0x722b0000 - 0x722b5000 	C:\WINDOWS\system32\sensapi.dll
0x77c70000 - 0x77c95000 	C:\WINDOWS\system32\msv1_0.dll
0x76790000 - 0x7679c000 	C:\WINDOWS\system32\cryptdll.dll
0x76d60000 - 0x76d79000 	C:\WINDOWS\system32\iphlpapi.dll
0x6d740000 - 0x6d8de000 	C:\Program Files\Java\jdk1.5.0_20\jre\bin\client\jvm.dll
0x5ad70000 - 0x5ada8000 	C:\WINDOWS\system32\uxtheme.dll
0x74720000 - 0x7476b000 	C:\WINDOWS\system32\MSCTF.dll
0x755c0000 - 0x755ee000 	C:\WINDOWS\system32\msctfime.ime
0x774e0000 - 0x7761d000 	C:\WINDOWS\system32\ole32.dll
0x6d300000 - 0x6d308000 	C:\Program Files\Java\jdk1.5.0_20\jre\bin\hpi.dll
0x76bf0000 - 0x76bfb000 	C:\WINDOWS\system32\PSAPI.DLL
0x6d710000 - 0x6d71c000 	C:\Program Files\Java\jdk1.5.0_20\jre\bin\verify.dll
0x6d380000 - 0x6d39d000 	C:\Program Files\Java\jdk1.5.0_20\jre\bin\java.dll
0x6d730000 - 0x6d73f000 	C:\Program Files\Java\jdk1.5.0_20\jre\bin\zip.dll
0x6d070000 - 0x6d1e0000 	C:\Program Files\Java\jdk1.5.0_20\jre\bin\awt.dll
0x73000000 - 0x73026000 	C:\WINDOWS\system32\WINSPOOL.DRV
0x73760000 - 0x737a9000 	C:\WINDOWS\system32\ddraw.dll
0x73bc0000 - 0x73bc6000 	C:\WINDOWS\system32\DCIMAN32.dll
0x6d2b0000 - 0x6d300000 	C:\Program Files\Java\jdk1.5.0_20\jre\bin\fontmanager.dll
0x6d540000 - 0x6d553000 	C:\Program Files\Java\jdk1.5.0_20\jre\bin\net.dll
0x6d560000 - 0x6d569000 	C:\Program Files\Java\jdk1.5.0_20\jre\bin\nio.dll
0x01950000 - 0x0196a000 	C:\jdevstudio10133\jdev\lib\jdevnative.dll
0x77120000 - 0x771ab000 	C:\WINDOWS\system32\OLEAUT32.dll
0x6d280000 - 0x6d288000 	C:\Program Files\Java\jdk1.5.0_20\jre\bin\dt_shmem.dll
0x71a50000 - 0x71a8f000 	C:\WINDOWS\System32\mswsock.dll
0x76f20000 - 0x76f47000 	C:\WINDOWS\system32\DNSAPI.dll
0x76fb0000 - 0x76fb8000 	C:\WINDOWS\System32\winrnr.dll
0x76f60000 - 0x76f8c000 	C:\WINDOWS\system32\WLDAP32.dll
0x64000000 - 0x64025000 	C:\Program Files\Bonjour\mdnsNSP.dll
0x76fc0000 - 0x76fc6000 	C:\WINDOWS\system32\rasadhlp.dll
0x662b0000 - 0x66308000 	C:\WINDOWS\system32\hnetcfg.dll
0x71a90000 - 0x71a98000 	C:\WINDOWS\System32\wshtcpip.dll
0x605d0000 - 0x605d9000 	C:\WINDOWS\system32\mslbui.dll
0x6d230000 - 0x6d253000 	C:\Program Files\Java\jdk1.5.0_20\jre\bin\dcpr.dll
0x77b40000 - 0x77b62000 	C:\WINDOWS\system32\Apphelp.dll
0x00c10000 - 0x00c38000 	C:\WINDOWS\system32\rsaenh.dll

VM Arguments:
jvm_args: -Dide.product=oracle.jdeveloper -Dide.splash.screen=splash.gif -Xverify:none -Xmx256M -XX:MaxPermSize=256M -XX:JavaPriority10_To_OSPriority=10 -XX:JavaPriority9_To_OSPriority=9 -XX:+UseConcMarkSweepGC -XX:+UseParNewGC -XX:+CMSIncrementalMode -XX:+CMSIncrementalPacing -XX:CMSIncrementalDutyCycleMin=0 -XX:CMSIncrementalDutyCycle=10 -Dsun.awt.keepWorkingSetOnMinimize=true -Dice.browser.forcegc=false -Dice.pilots.html4.tileOptThreshold=0 -Xbootclasspath/p:../lib/lwawt.jar -Dreserved_filenames=con,aux,prn,lpt1,lpt2,lpt3,lpt4,lpt5,lpt6,lpt7,lpt8,lpt9,com1,com2,com3,com4,com5,com6,com7,com8,com9,conin$,conout$ -DEDITOR_J2SE_VERSION=1.5 -DINSIGHT_OMIT_HIDDEN=true -Doracle.xdkjava.compatibility.version=9.0.4 -Doracle.translated.locales=ja -Dwindows.shell.font.languages=en -Dide.debug.controller.stack=false -Dceditor.java.parse.small=300 -Dceditor.java.parse.large=1500 -Dide.extension.cpmissing.nowarn=true -Dcompiler.vmargs=-mx512m -Doracle.soap.transport.noHTTPClient=true -Djbo.debugoutput=silent -Djbo.showdebugwarningbanner=false -Djava.library.path=c:\imagemagick;C:\oracle\instantclient_10_2;C:\WINDOWS\system32;C:\WINDOWS;C:\WINDOWS\System32\Wbem;C:\Program Files\Diskeeper Corporation\Diskeeper\;C:\ant\apache-ant-1.7.1\bin;C:\TOPLINK10.1.3\toplink\bin;C:\Program Files\Java\jdk1.6.0_10\bin;C:\jboss-4.0.2\bin;C:\Program Files\TortoiseSVN\bin;C:\Sun\AppServer\bin;C:\Sun\AppServer\lib\ant\bin;C:\Sun\jwsdp-2.0\jaxb\bin;C:\Sun\jwsdp-2.0\jwsdp-shared\bin;C:\Program Files\QuickTime\QTSystem\;c:\Program Files\Microsoft SQL Server\100\Tools\Binn\;c:\Program Files\Microsoft SQL Server\100\DTS\Binn\;C:\Sun\jwsdp-2.0\jwsdp-shared\bin;C:\Sun\AppServer\lib\ant\bin;C:\Sun\jwsdp-2.0\jaxb\bin;..\lib\ext;..\..\lib -Dide.user.dir= -Dide.startingArg0=C:\jdevstudio10133\jdev\bin\jdevw.exe -Dide.launcherProcessId=3080 -Dide.config_pathname=C:\jdevstudio10133\jdev\bin\jdev.conf -Dide.startingcwd=C:\jdevstudio10133 -Dide.shell.fileTypeKeyDefined=true -Dide.shell.enableFileTypeAssociati
java_command: <unknown>
Launcher Type: generic

Environment Variables:
JAVA_HOME=C:\Program Files\Java\jdk1.6.0_10
CLASSPATH=.;C:\Sun\jwsdp-2.0\jaxb\lib\jaxb1-impl.jar;C:\Sun\jwsdp-2.0\jaxb\lib\jaxb-api.jar;C:\Sun\jwsdp-2.0\jaxb\lib\jaxb-impl.jar;C:\Sun\jwsdp-2.0\jaxb\lib\jaxb-xjc.jar;C:\Sun\jwsdp-2.0\jwsdp-shared\lib\relaxngDatatype.jar;C:\Program Files\Java\jre6\lib\ext\QTJava.zip
PATH=c:\imagemagick;C:\oracle\instantclient_10_2;C:\WINDOWS\system32;C:\WINDOWS;C:\WINDOWS\System32\Wbem;C:\Program Files\Diskeeper Corporation\Diskeeper\;C:\ant\apache-ant-1.7.1\bin;C:\TOPLINK10.1.3\toplink\bin;C:\Program Files\Java\jdk1.6.0_10\bin;C:\jboss-4.0.2\bin;C:\Program Files\TortoiseSVN\bin;C:\Sun\AppServer\bin;C:\Sun\AppServer\lib\ant\bin;C:\Sun\jwsdp-2.0\jaxb\bin;C:\Sun\jwsdp-2.0\jwsdp-shared\bin;C:\Program Files\QuickTime\QTSystem\;c:\Program Files\Microsoft SQL Server\100\Tools\Binn\;c:\Program Files\Microsoft SQL Server\100\DTS\Binn\;C:\Sun\jwsdp-2.0\jwsdp-shared\bin;C:\Sun\AppServer\lib\ant\bin;C:\Sun\jwsdp-2.0\jaxb\bin
USERNAME=pghorpade
OS=Windows_NT
PROCESSOR_IDENTIFIER=x86 Family 15 Model 6 Stepping 4, GenuineIntel



---------------  S Y S T E M  ---------------

OS: Windows XP Build 2600 Service Pack 2

CPU:total 2 (cores per cpu 1, threads per core 2) family 15 model 6 stepping 4, cmov, cx8, fxsr, mmx, sse, sse2, sse3, ht

Memory: 4k page, physical 1047884k(62612k free), swap 4092716k(1621864k free)

vm_info: Java HotSpot(TM) Client VM (1.5.0_20-b02) for windows-x86, built on Jul 25 2009 02:30:20 by "java_re" with MS VC++ 6.0

time: Mon Apr 19 21:42:19 2010
elapsed time: 41550 seconds

