#
# An unexpected error has been detected by HotSpot Virtual Machine:
#
#  EXCEPTION_ACCESS_VIOLATION (0xc0000005) at pc=0x6d15aee0, pid=5356, tid=5556
#
# Java VM: Java HotSpot(TM) Client VM (1.5.0_20-b02 mixed mode)
# Problematic frame:
# C  [awt.dll+0xeaee0]
#

---------------  T H R E A D  ---------------

Current thread (0x056a0d28):  JavaThread "AWT-EventQueue-0" [_thread_in_native, id=5556]

siginfo: ExceptionCode=0xc0000005, reading address 0x0000000d

Registers:
EAX=0x056a17e0, EBX=0x00000000, ECX=0x056a12b0, EDX=0x00000001
ESP=0x0640f570, EBP=0x0640f59c, ESI=0x00000001, EDI=0x056a0de8
EIP=0x6d15aee0, EFLAGS=0x00010212

Top of Stack: (sp=0x0640f570)
0x0640f570:   056a0d28 2a7f7650 2a7f7650 6d16086a
0x0640f580:   056a0de8 056a0d28 2a94e860 0640f570
0x0640f590:   0640fc64 6d16ad30 00000000 0640f5cc
0x0640f5a0:   01c782ff 056a0de8 0640f5e0 00000001
0x0640f5b0:   0640f5b0 00000000 0640f5e0 2a801b38
0x0640f5c0:   00000000 2a7f7650 0640f5dc 0640f600
0x0640f5d0:   01c72aba 00000000 01c76513 00000001
0x0640f5e0:   1ad53580 0640f5e4 2a7f748b 0640f60c 

Instructions: (pc=0x6d15aee0)
0x6d15aed0:   74 47 8b 7d 08 68 a8 4e 1a 6d 57 8b 17 ff 52 18
0x6d15aee0:   8b 4e 0c 8b 5e 1c 8b 56 10 2b cb 8b 5e 20 51 8b 


Stack: [0x06310000,0x06410000),  sp=0x0640f570,  free space=1021k
Native frames: (J=compiled Java code, j=interpreted, Vv=VM code, C=native code)
C  [awt.dll+0xeaee0]
j  sun.awt.windows.WToolkit.getScreenInsets(I)Ljava/awt/Insets;+0
j  sun.awt.windows.WToolkit.getScreenInsets(Ljava/awt/GraphicsConfiguration;)Ljava/awt/Insets;+11
j  oracle.ide.util.GraphicsUtils.getScreenBounds()[Ljava/awt/Rectangle;+48
j  oracle.ide.util.GraphicsUtils.getPopupMenuShowPoint(Ljavax/swing/JPopupMenu;II)Ljava/awt/Point;+26
j  oracle.ide.util.GraphicsUtils.getPopupMenuShowPoint(Ljavax/swing/JPopupMenu;Ljava/awt/event/MouseEvent;)Ljava/awt/Point;+32
j  oracle.ide.controller.ContextMenu.show(Loracle/ide/Context;)V+88
j  oracle.ideimpl.explorer.BaseTreeExplorer.tryPopup(Ljava/awt/event/MouseEvent;)V+145
j  oracle.ideimpl.explorer.BaseTreeExplorer.mouseReleased(Ljava/awt/event/MouseEvent;)V+18
j  oracle.ideimpl.explorer.CustomTree.processMouseEvent(Ljava/awt/event/MouseEvent;)V+114
J  java.awt.Component.processEvent(Ljava/awt/AWTEvent;)V
J  java.awt.Container.processEvent(Ljava/awt/AWTEvent;)V
J  java.awt.Component.dispatchEventImpl(Ljava/awt/AWTEvent;)V
J  java.awt.Container.dispatchEventImpl(Ljava/awt/AWTEvent;)V
J  java.awt.LightweightDispatcher.retargetMouseEvent(Ljava/awt/Component;ILjava/awt/event/MouseEvent;)V
J  java.awt.LightweightDispatcher.processMouseEvent(Ljava/awt/event/MouseEvent;)Z
J  java.awt.LightweightDispatcher.dispatchEvent(Ljava/awt/AWTEvent;)Z
J  java.awt.Container.dispatchEventImpl(Ljava/awt/AWTEvent;)V
J  java.awt.Window.dispatchEventImpl(Ljava/awt/AWTEvent;)V
J  java.awt.EventQueue.dispatchEvent(Ljava/awt/AWTEvent;)V
J  java.awt.EventDispatchThread.pumpOneEventForHierarchy(ILjava/awt/Component;)Z
J  java.awt.EventDispatchThread.pumpEventsForHierarchy(ILjava/awt/Conditional;Ljava/awt/Component;)V
v  ~OSRAdapter
j  java.awt.EventDispatchThread.pumpEvents(ILjava/awt/Conditional;)V+4
j  java.awt.EventDispatchThread.pumpEvents(Ljava/awt/Conditional;)V+3
j  java.awt.EventDispatchThread.run()V+9
v  ~StubRoutines::call_stub
V  [jvm.dll+0x876b1]
V  [jvm.dll+0xe0001]
V  [jvm.dll+0x87582]
V  [jvm.dll+0x872df]
V  [jvm.dll+0xa2131]
V  [jvm.dll+0x111949]
V  [jvm.dll+0x111917]
C  [msvcrt.dll+0x2a3b0]
C  [kernel32.dll+0xb729]

Java frames: (J=compiled Java code, j=interpreted, Vv=VM code)
j  sun.awt.windows.WToolkit.getScreenInsets(I)Ljava/awt/Insets;+0
j  sun.awt.windows.WToolkit.getScreenInsets(Ljava/awt/GraphicsConfiguration;)Ljava/awt/Insets;+11
j  oracle.ide.util.GraphicsUtils.getScreenBounds()[Ljava/awt/Rectangle;+48
j  oracle.ide.util.GraphicsUtils.getPopupMenuShowPoint(Ljavax/swing/JPopupMenu;II)Ljava/awt/Point;+26
j  oracle.ide.util.GraphicsUtils.getPopupMenuShowPoint(Ljavax/swing/JPopupMenu;Ljava/awt/event/MouseEvent;)Ljava/awt/Point;+32
j  oracle.ide.controller.ContextMenu.show(Loracle/ide/Context;)V+88
j  oracle.ideimpl.explorer.BaseTreeExplorer.tryPopup(Ljava/awt/event/MouseEvent;)V+145
j  oracle.ideimpl.explorer.BaseTreeExplorer.mouseReleased(Ljava/awt/event/MouseEvent;)V+18
j  oracle.ideimpl.explorer.CustomTree.processMouseEvent(Ljava/awt/event/MouseEvent;)V+114
J  java.awt.Component.processEvent(Ljava/awt/AWTEvent;)V
J  java.awt.Container.processEvent(Ljava/awt/AWTEvent;)V
J  java.awt.Component.dispatchEventImpl(Ljava/awt/AWTEvent;)V
J  java.awt.Container.dispatchEventImpl(Ljava/awt/AWTEvent;)V
J  java.awt.LightweightDispatcher.retargetMouseEvent(Ljava/awt/Component;ILjava/awt/event/MouseEvent;)V
J  java.awt.LightweightDispatcher.processMouseEvent(Ljava/awt/event/MouseEvent;)Z
J  java.awt.LightweightDispatcher.dispatchEvent(Ljava/awt/AWTEvent;)Z
J  java.awt.Container.dispatchEventImpl(Ljava/awt/AWTEvent;)V
J  java.awt.Window.dispatchEventImpl(Ljava/awt/AWTEvent;)V
J  java.awt.EventQueue.dispatchEvent(Ljava/awt/AWTEvent;)V
J  java.awt.EventDispatchThread.pumpOneEventForHierarchy(ILjava/awt/Component;)Z
J  java.awt.EventDispatchThread.pumpEventsForHierarchy(ILjava/awt/Conditional;Ljava/awt/Component;)V
v  ~OSRAdapter
j  java.awt.EventDispatchThread.pumpEvents(ILjava/awt/Conditional;)V+4
j  java.awt.EventDispatchThread.pumpEvents(Ljava/awt/Conditional;)V+3
j  java.awt.EventDispatchThread.run()V+9
v  ~StubRoutines::call_stub

---------------  P R O C E S S  ---------------

Java Threads: ( => current thread )
  0x0a769e90 JavaThread "Image Fetcher 0" daemon [_thread_blocked, id=4820]
  0x0beaaed0 JavaThread "SocketTimeout" daemon [_thread_blocked, id=2336]
  0x0b9b7190 JavaThread "IconOverlayTracker Timer" [_thread_blocked, id=4944]
  0x0b940488 JavaThread "Persistence Auto Flusher" daemon [_thread_blocked, id=4712]
  0x0bb82068 JavaThread "IdeMinPriorityTimer" daemon [_thread_blocked, id=4564]
  0x0b99cd88 JavaThread "AuditExecutor-159" daemon [_thread_blocked, id=4576]
  0x0ac81128 JavaThread "WaitCursorTimer" daemon [_thread_blocked, id=4288]
  0x0b90feb0 JavaThread "BufferDomModel background parse thread" daemon [_thread_blocked, id=148]
  0x0b719e10 JavaThread "WaitCursorTimer" daemon [_thread_blocked, id=3572]
  0x0b2afd30 JavaThread "Native Directory Watcher" [_thread_in_native, id=2736]
  0x0b2a7d18 JavaThread "WeakDataReference polling" [_thread_blocked, id=3160]
  0x0b9260a8 JavaThread "IconOverlayTracker Timer" [_thread_blocked, id=1656]
  0x0b8eca48 JavaThread "Timer-2" [_thread_blocked, id=3708]
  0x0b761be8 JavaThread "Timer-1" [_thread_blocked, id=2944]
  0x056d0a10 JavaThread "TimerQueue" daemon [_thread_blocked, id=5576]
=>0x056a0d28 JavaThread "AWT-EventQueue-0" [_thread_in_native, id=5556]
  0x05669988 JavaThread "Java2D Disposer" daemon [_thread_blocked, id=5552]
  0x055b06b8 JavaThread "AWT-Windows" daemon [_thread_in_native, id=5548]
  0x05606e30 JavaThread "AWT-Shutdown" [_thread_blocked, id=5544]
  0x0554e7d0 JavaThread "Low Memory Detector" daemon [_thread_blocked, id=5492]
  0x05549370 JavaThread "CompilerThread0" daemon [_thread_blocked, id=5488]
  0x0554dba0 JavaThread "Signal Dispatcher" daemon [_thread_blocked, id=5484]
  0x0552c128 JavaThread "Surrogate Locker Thread (CMS)" daemon [_thread_blocked, id=5480]
  0x0551de08 JavaThread "Finalizer" daemon [_thread_blocked, id=5456]
  0x0551c9d0 JavaThread "Reference Handler" daemon [_thread_blocked, id=5452]
  0x0088cc60 JavaThread "main" [_thread_blocked, id=5352]

Other Threads:
  0x05519fb0 VMThread [id=5448]
  0x0554fac8 WatcherThread [id=5496]

VM state:not at safepoint (normal execution)

VM Mutex/Monitor currently owned by a thread: None

Heap
 par new generation   total 8128K, used 966K [0x1a540000, 0x1ad40000, 0x1ad40000)
  eden space 8064K,  11% used [0x1a540000, 0x1a631960, 0x1ad20000)
  from space 64K,   0% used [0x1ad30000, 0x1ad30000, 0x1ad40000)
  to   space 64K,   0% used [0x1ad20000, 0x1ad20000, 0x1ad30000)
 concurrent mark-sweep generation total 165564K, used 88573K [0x1ad40000, 0x24eef000, 0x2a540000)
 concurrent-mark-sweep perm gen total 115068K, used 72883K [0x2a540000, 0x3159f000, 0x3a540000)

Dynamic libraries:
0x00400000 - 0x0041d000 	C:\jdevstudio10133\jdev\bin\jdevw.exe
0x7c900000 - 0x7c9b2000 	C:\WINDOWS\system32\ntdll.dll
0x7c800000 - 0x7c8f6000 	C:\WINDOWS\system32\kernel32.dll
0x7e410000 - 0x7e4a1000 	C:\WINDOWS\system32\USER32.dll
0x77f10000 - 0x77f59000 	C:\WINDOWS\system32\GDI32.dll
0x763b0000 - 0x763f9000 	C:\WINDOWS\system32\comdlg32.dll
0x77dd0000 - 0x77e6b000 	C:\WINDOWS\system32\ADVAPI32.dll
0x77e70000 - 0x77f02000 	C:\WINDOWS\system32\RPCRT4.dll
0x77fe0000 - 0x77ff1000 	C:\WINDOWS\system32\Secur32.dll
0x5d090000 - 0x5d12a000 	C:\WINDOWS\system32\COMCTL32.dll
0x7c9c0000 - 0x7d1d7000 	C:\WINDOWS\system32\SHELL32.dll
0x77c10000 - 0x77c68000 	C:\WINDOWS\system32\msvcrt.dll
0x77f60000 - 0x77fd6000 	C:\WINDOWS\system32\SHLWAPI.dll
0x76390000 - 0x763ad000 	C:\WINDOWS\system32\IMM32.DLL
0x629c0000 - 0x629c9000 	C:\WINDOWS\system32\LPK.DLL
0x74d90000 - 0x74dfb000 	C:\WINDOWS\system32\USP10.dll
0x773d0000 - 0x774d3000 	C:\WINDOWS\WinSxS\x86_Microsoft.Windows.Common-Controls_6595b64144ccf1df_6.0.2600.5512_x-ww_35d4ce83\comctl32.dll
0x63000000 - 0x630e6000 	C:\WINDOWS\system32\WININET.dll
0x008c0000 - 0x008c9000 	C:\WINDOWS\system32\Normaliz.dll
0x1a400000 - 0x1a532000 	C:\WINDOWS\system32\urlmon.dll
0x774e0000 - 0x7761d000 	C:\WINDOWS\system32\ole32.dll
0x77120000 - 0x771ab000 	C:\WINDOWS\system32\OLEAUT32.dll
0x5dca0000 - 0x5de88000 	C:\WINDOWS\system32\iertutil.dll
0x71ab0000 - 0x71ac7000 	C:\WINDOWS\system32\ws2_32.dll
0x71aa0000 - 0x71aa8000 	C:\WINDOWS\system32\WS2HELP.dll
0x76ee0000 - 0x76f1c000 	C:\WINDOWS\system32\RASAPI32.dll
0x76e90000 - 0x76ea2000 	C:\WINDOWS\system32\rasman.dll
0x5b860000 - 0x5b8b5000 	C:\WINDOWS\system32\NETAPI32.dll
0x76eb0000 - 0x76edf000 	C:\WINDOWS\system32\TAPI32.dll
0x76e80000 - 0x76e8e000 	C:\WINDOWS\system32\rtutils.dll
0x76b40000 - 0x76b6d000 	C:\WINDOWS\system32\WINMM.dll
0x769c0000 - 0x76a74000 	C:\WINDOWS\system32\USERENV.dll
0x722b0000 - 0x722b5000 	C:\WINDOWS\system32\sensapi.dll
0x77c70000 - 0x77c95000 	C:\WINDOWS\system32\msv1_0.dll
0x76790000 - 0x7679c000 	C:\WINDOWS\system32\cryptdll.dll
0x76d60000 - 0x76d79000 	C:\WINDOWS\system32\iphlpapi.dll
0x5ad70000 - 0x5ada8000 	C:\WINDOWS\system32\uxtheme.dll
0x74720000 - 0x7476c000 	C:\WINDOWS\system32\MSCTF.dll
0x755c0000 - 0x755ee000 	C:\WINDOWS\system32\msctfime.ime
0x6d740000 - 0x6d8de000 	C:\Program Files\Java\jdk1.5.0_20\jre\bin\client\jvm.dll
0x6d300000 - 0x6d308000 	C:\Program Files\Java\jdk1.5.0_20\jre\bin\hpi.dll
0x76bf0000 - 0x76bfb000 	C:\WINDOWS\system32\PSAPI.DLL
0x6d710000 - 0x6d71c000 	C:\Program Files\Java\jdk1.5.0_20\jre\bin\verify.dll
0x6d380000 - 0x6d39d000 	C:\Program Files\Java\jdk1.5.0_20\jre\bin\java.dll
0x6d730000 - 0x6d73f000 	C:\Program Files\Java\jdk1.5.0_20\jre\bin\zip.dll
0x6d070000 - 0x6d1e0000 	C:\Program Files\Java\jdk1.5.0_20\jre\bin\awt.dll
0x73000000 - 0x73026000 	C:\WINDOWS\system32\WINSPOOL.DRV
0x73760000 - 0x737ab000 	C:\WINDOWS\system32\ddraw.dll
0x73bc0000 - 0x73bc6000 	C:\WINDOWS\system32\DCIMAN32.dll
0x6d2b0000 - 0x6d300000 	C:\Program Files\Java\jdk1.5.0_20\jre\bin\fontmanager.dll
0x6d540000 - 0x6d553000 	C:\Program Files\Java\jdk1.5.0_20\jre\bin\net.dll
0x6d560000 - 0x6d569000 	C:\Program Files\Java\jdk1.5.0_20\jre\bin\nio.dll
0x10000000 - 0x1001a000 	C:\jdevstudio10133\jdev\lib\jdevnative.dll
0x6d280000 - 0x6d288000 	C:\Program Files\Java\jdk1.5.0_20\jre\bin\dt_shmem.dll
0x71a50000 - 0x71a8f000 	C:\WINDOWS\System32\mswsock.dll
0x76f20000 - 0x76f47000 	C:\WINDOWS\system32\DNSAPI.dll
0x76fb0000 - 0x76fb8000 	C:\WINDOWS\System32\winrnr.dll
0x76f60000 - 0x76f8c000 	C:\WINDOWS\system32\WLDAP32.dll
0x64000000 - 0x64025000 	C:\Program Files\Bonjour\mdnsNSP.dll
0x76fc0000 - 0x76fc6000 	C:\WINDOWS\system32\rasadhlp.dll
0x662b0000 - 0x66308000 	C:\WINDOWS\system32\hnetcfg.dll
0x71a90000 - 0x71a98000 	C:\WINDOWS\System32\wshtcpip.dll
0x6d230000 - 0x6d253000 	C:\Program Files\Java\jdk1.5.0_20\jre\bin\dcpr.dll
0x605d0000 - 0x605d9000 	C:\WINDOWS\system32\mslbui.dll
0x68000000 - 0x68036000 	C:\WINDOWS\system32\rsaenh.dll
0x77b40000 - 0x77b62000 	C:\WINDOWS\system32\Apphelp.dll
0x77c00000 - 0x77c08000 	C:\WINDOWS\system32\VERSION.dll

VM Arguments:
jvm_args: -Dide.product=oracle.jdeveloper -Dide.splash.screen=splash.gif -Xverify:none -Xmx256M -XX:MaxPermSize=256M -XX:JavaPriority10_To_OSPriority=10 -XX:JavaPriority9_To_OSPriority=9 -XX:+UseConcMarkSweepGC -XX:+UseParNewGC -XX:+CMSIncrementalMode -XX:+CMSIncrementalPacing -XX:CMSIncrementalDutyCycleMin=0 -XX:CMSIncrementalDutyCycle=10 -Dsun.awt.keepWorkingSetOnMinimize=true -Dice.browser.forcegc=false -Dice.pilots.html4.tileOptThreshold=0 -Xbootclasspath/p:../lib/lwawt.jar -Dreserved_filenames=con,aux,prn,lpt1,lpt2,lpt3,lpt4,lpt5,lpt6,lpt7,lpt8,lpt9,com1,com2,com3,com4,com5,com6,com7,com8,com9,conin$,conout$ -DEDITOR_J2SE_VERSION=1.5 -DINSIGHT_OMIT_HIDDEN=true -Doracle.xdkjava.compatibility.version=9.0.4 -Doracle.translated.locales=ja -Dwindows.shell.font.languages=en -Dide.debug.controller.stack=false -Dceditor.java.parse.small=300 -Dceditor.java.parse.large=1500 -Dide.extension.cpmissing.nowarn=true -Dcompiler.vmargs=-mx512m -Doracle.soap.transport.noHTTPClient=true -Djbo.debugoutput=silent -Djbo.showdebugwarningbanner=false -Djava.library.path=c:\imagemagick;C:\oracle\instantclient_10_2;C:\WINDOWS\system32;C:\WINDOWS;C:\WINDOWS\System32\Wbem;C:\Program Files\Diskeeper Corporation\Diskeeper\;C:\ant\apache-ant-1.7.1\bin;C:\TOPLINK10.1.3\toplink\bin;C:\jboss-4.0.2\bin;C:\Program Files\TortoiseSVN\bin;c:\Program Files\Microsoft SQL Server\100\Tools\Binn\;c:\Program Files\Microsoft SQL Server\100\DTS\Binn\;C:\Program Files\IBM\Page Detailer\;C:\WINDOWS\system32\WindowsPowerShell\v1.0;C:\Program Files\GnuWin32\bin;C:\Program Files\Java\jdk1.6.0_18\bin;C:\Program Files\QuickTime\QTSystem\;C:\Program Files\Common Files\Roxio Shared\DLLShared\;..\lib\ext;..\..\lib -Dide.user.dir= -Dide.startingArg0=C:\jdevstudio10133\jdev\bin\jdevw.exe -Dide.launcherProcessId=5356 -Dide.config_pathname=C:\jdevstudio10133\jdev\bin\jdev.conf -Dide.startingcwd=C:\jdevstudio10133 -Dide.shell.fileTypeKeyDefined=true -Dide.shell.enableFileTypeAssociation=true -Djdev.class.path=..\..\..\c
java_command: <unknown>
Launcher Type: generic

Environment Variables:
JAVA_HOME=C:\Program Files\Java\jdk1.6.0_18
CLASSPATH=.;C:\Sun\jwsdp-2.0\jaxb\lib\jaxb1-impl.jar;C:\Sun\jwsdp-2.0\jaxb\lib\jaxb-api.jar;C:\Sun\jwsdp-2.0\jaxb\lib\jaxb-impl.jar;C:\Sun\jwsdp-2.0\jaxb\lib\jaxb-xjc.jar;C:\Sun\jwsdp-2.0\jwsdp-shared\lib\relaxngDatatype.jar;C:\Program Files\Java\jre6\lib\ext\QTJava.zip
PATH=c:\imagemagick;C:\oracle\instantclient_10_2;C:\WINDOWS\system32;C:\WINDOWS;C:\WINDOWS\System32\Wbem;C:\Program Files\Diskeeper Corporation\Diskeeper\;C:\ant\apache-ant-1.7.1\bin;C:\TOPLINK10.1.3\toplink\bin;C:\jboss-4.0.2\bin;C:\Program Files\TortoiseSVN\bin;c:\Program Files\Microsoft SQL Server\100\Tools\Binn\;c:\Program Files\Microsoft SQL Server\100\DTS\Binn\;C:\Program Files\IBM\Page Detailer\;C:\WINDOWS\system32\WindowsPowerShell\v1.0;C:\Program Files\GnuWin32\bin;C:\Program Files\Java\jdk1.6.0_18\bin;C:\Program Files\QuickTime\QTSystem\;C:\Program Files\Common Files\Roxio Shared\DLLShared\
USERNAME=pghorpade
OS=Windows_NT
PROCESSOR_IDENTIFIER=x86 Family 15 Model 6 Stepping 4, GenuineIntel



---------------  S Y S T E M  ---------------

OS: Windows XP Build 2600 Service Pack 3

CPU:total 2 (cores per cpu 1, threads per core 2) family 15 model 6 stepping 4, cmov, cx8, fxsr, mmx, sse, sse2, sse3, ht

Memory: 4k page, physical 2096460k(653268k free), swap 4194303k(3553532k free)

vm_info: Java HotSpot(TM) Client VM (1.5.0_20-b02) for windows-x86, built on Jul 25 2009 02:30:20 by "java_re" with MS VC++ 6.0

time: Thu Feb 10 17:54:32 2011
elapsed time: 8023 seconds

