#
# An unexpected error has been detected by HotSpot Virtual Machine:
#
#  EXCEPTION_ACCESS_VIOLATION (0xc0000005) at pc=0x019bd1cb, pid=4732, tid=6004
#
# Java VM: Java HotSpot(TM) Client VM (1.5.0_20-b02 mixed mode)
# Problematic frame:
# J  java.lang.String.<init>([CII)V
#

---------------  T H R E A D  ---------------

Current thread (0x0088ad90):  JavaThread "main" [_thread_in_Java, id=6004]

siginfo: ExceptionCode=0xc0000005, writing address 0x03f4002c

Registers:
EAX=0x03f3ff20, EBX=0x00000000, ECX=0x03f3ff08, EDX=0x13b40430
ESP=0x0012f190, EBP=0x0012f1b0, ESI=0x0088ad90, EDI=0x00000020
EIP=0x019bd1cb, EFLAGS=0x00010203

Top of Stack: (sp=0x0012f190)
0x0012f190:   00000008 0012f1d8 6d7c2e4a 0088ad90
0x0012f1a0:   140faa7c 000000b6 0088b1e4 0088b1f4
0x0012f1b0:   0012f1cc 0199e580 00000082 00000000
0x0012f1c0:   03f3fa80 03f3ff08 0088ad5c 0012f20c
0x0012f1d0:   019429e3 00000082 00000000 03f3fa80
0x0012f1e0:   03f3ff08 03f3ff08 00000001 03f3f4d8
0x0012f1f0:   0012f1e8 13b8b985 0012f214 13be17b0
0x0012f200:   00000000 13b8b990 0012f214 0012f234 

Instructions: (pc=0x019bd1cb)
0x019bd1bb:   84 20 00 00 00 33 db c1 ef 03 0f 83 0a 00 00 00
0x019bd1cb:   89 5c f8 0c 0f 84 0b 00 00 00 89 5c f8 08 89 5c 


Stack: [0x00030000,0x00130000),  sp=0x0012f190,  free space=1020k
Native frames: (J=compiled Java code, j=interpreted, Vv=VM code, C=native code)
J  java.lang.String.<init>([CII)V
v  ~RuntimeStub::alignment_frame_return Runtime1 stub
j  java.lang.StringBuffer.toString()Ljava/lang/String;+13
j  sun.reflect.MethodAccessorGenerator.buildInternalSignature()Ljava/lang/String;+68
j  sun.reflect.MethodAccessorGenerator.generate(Ljava/lang/Class;Ljava/lang/String;[Ljava/lang/Class;Ljava/lang/Class;[Ljava/lang/Class;IZZLjava/lang/Class;)Lsun/reflect/MagicAccessorImpl;+325
j  sun.reflect.MethodAccessorGenerator.generateMethod(Ljava/lang/Class;Ljava/lang/String;[Ljava/lang/Class;Ljava/lang/Class;[Ljava/lang/Class;I)Lsun/reflect/MethodAccessor;+13
j  sun.reflect.NativeMethodAccessorImpl.invoke(Ljava/lang/Object;[Ljava/lang/Object;)Ljava/lang/Object;+66
j  sun.reflect.DelegatingMethodAccessorImpl.invoke(Ljava/lang/Object;[Ljava/lang/Object;)Ljava/lang/Object;+6
j  java.lang.reflect.Method.invoke(Ljava/lang/Object;[Ljava/lang/Object;)Ljava/lang/Object;+161
j  oracle.ide.net.URLFactory.newURL(Ljava/lang/String;Ljava/lang/String;Ljava/lang/String;ILjava/lang/String;Ljava/lang/String;Ljava/lang/String;)Ljava/net/URL;+133
j  oracle.ide.net.URLFactory.newURL(Ljava/lang/String;Ljava/lang/String;)Ljava/net/URL;+7
j  oracle.ide.net.URLFactory.newDirURL(Ljava/lang/String;)Ljava/net/URL;+44
j  oracle.ide.net.URLFactory.newDirURL(Ljava/io/File;)Ljava/net/URL;+8
j  oracle.ide.net.FileURLFileSystemHelper.getParent(Ljava/net/URL;)Ljava/net/URL;+23
j  oracle.ide.net.URLFileSystemHelperDecorator.getParent(Ljava/net/URL;)Ljava/net/URL;+5
j  oracle.ide.net.VirtualFileSystemHelper.findCachedFileInfo(Ljava/net/URL;)Loracle/ide/net/URLFileSystem$FileInfo;+2
j  oracle.ide.net.VirtualFileSystemHelper.lastModified(Ljava/net/URL;)J+8
j  oracle.ide.net.URLFileSystem.lastModified(Ljava/net/URL;)J+5
j  oracle.ide.net.JarUtil.getJarIndex(Ljava/net/URL;)Loracle/ide/net/JarIndex;+12
j  oracle.ide.net.JarURLFileSystemHelper.tryGetJarIndex(Ljava/net/URL;)Loracle/ide/net/JarIndex;+1
j  oracle.ide.net.JarURLFileSystemHelper.exists(Ljava/net/URL;)Z+10
j  oracle.ide.net.URLFileSystem.exists(Ljava/net/URL;)Z+5
j  oracle.ideimpl.jsr198.VirtualFileSystemHelperImpl.exists(Ljava/net/URI;)Z+7
j  javax.ide.net.VirtualFileSystem.exists(Ljava/net/URI;)Z+20
j  oracle.ideimpl.extension.LegacyExtensionSource.getManifestURI()Ljava/net/URI;+32
j  oracle.ideimpl.extension.ExtensionManagerImpl.findLegacySources(Ljava/io/File;)Ljava/util/Collection;+87
j  oracle.ideimpl.extension.ExtensionManagerImpl.findAllExtensionSources()Ljava/util/Collection;+114
j  javax.ide.extension.ExtensionRegistry.loadExtensions()Ljava/util/Collection;+1
j  javax.ide.extension.ExtensionRegistry.initialize()V+1
j  oracle.ideimpl.extension.ExtensionManagerImpl.initialize()V+1
j  javax.ide.Service.getService(Ljava/lang/Class;)Ljavax/ide/Service;+18
j  javax.ide.extension.ExtensionRegistry.getExtensionRegistry()Ljavax/ide/extension/ExtensionRegistry;+21
j  oracle.ide.ExtensionRegistry.getOracleRegistry()Loracle/ide/ExtensionRegistry;+0
j  oracle.ide.IdeCore.startupImpl(Loracle/ide/IdeArgs;)V+1386
j  oracle.ide.Ide.startup(Loracle/ide/IdeCore;Loracle/ide/IdeArgs;)V+24
j  oracle.ideimpl.Main.start([Ljava/lang/String;)V+59
j  oracle.ideimpl.Main.main([Ljava/lang/String;)V+18
v  ~StubRoutines::call_stub
V  [jvm.dll+0x876b1]
V  [jvm.dll+0xe0001]
V  [jvm.dll+0x87582]
V  [jvm.dll+0x8e82e]
C  [jdevw.exe+0x677c]


---------------  P R O C E S S  ---------------

Java Threads: ( => current thread )
  0x25382cc0 JavaThread "TimerQueue" daemon [_thread_blocked, id=3736]
  0x2534f818 JavaThread "AWT-EventQueue-0" [_thread_blocked, id=4500]
  0x25372da0 JavaThread "Image Fetcher 3" daemon [_thread_blocked, id=3636]
  0x2536a008 JavaThread "Java2D Disposer" daemon [_thread_blocked, id=3836]
  0x25355d90 JavaThread "AWT-Windows" daemon [_thread_in_native, id=2640]
  0x252c2528 JavaThread "AWT-Shutdown" [_thread_blocked, id=3712]
  0x2521d148 JavaThread "Low Memory Detector" daemon [_thread_blocked, id=3332]
  0x2521bd30 JavaThread "CompilerThread0" daemon [_thread_blocked, id=2176]
  0x25208460 JavaThread "Signal Dispatcher" daemon [_thread_blocked, id=3068]
  0x251faa08 JavaThread "Surrogate Locker Thread (CMS)" daemon [_thread_blocked, id=3520]
  0x0193fe58 JavaThread "Finalizer" daemon [_thread_blocked, id=5984]
  0x0193fbe8 JavaThread "Reference Handler" daemon [_thread_blocked, id=5708]
=>0x0088ad90 JavaThread "main" [_thread_in_Java, id=6004]

Other Threads:
  0x0193e9d0 VMThread [id=4696]
  0x2521e310 WatcherThread [id=3560]

VM state:not at safepoint (normal execution)

VM Mutex/Monitor currently owned by a thread: None

Heap
 par new generation   total 4032K, used 4145K [0x03b40000, 0x03f40000, 0x04340000)
  eden space 3968K, 104% used [0x03b40000, 0x03f4c6e0, 0x03f20000)
  from space 64K,   0% used [0x03f20000, 0x03f20000, 0x03f30000)
  to   space 64K,   0% used [0x03f30000, 0x03f30000, 0x03f40000)
 concurrent mark-sweep generation total 12288K, used 0K [0x04340000, 0x04f40000, 0x13b40000)
 concurrent-mark-sweep perm gen total 8192K, used 5908K [0x13b40000, 0x14340000, 0x23b40000)

Dynamic libraries:
0x00400000 - 0x0041d000 	C:\jdevstudio10133\jdev\bin\jdevw.exe
0x7c900000 - 0x7c9b2000 	C:\WINDOWS\system32\ntdll.dll
0x7c800000 - 0x7c8f6000 	C:\WINDOWS\system32\kernel32.dll
0x7e410000 - 0x7e4a1000 	C:\WINDOWS\system32\USER32.dll
0x77f10000 - 0x77f59000 	C:\WINDOWS\system32\GDI32.dll
0x763b0000 - 0x763f9000 	C:\WINDOWS\system32\comdlg32.dll
0x77dd0000 - 0x77e6b000 	C:\WINDOWS\system32\ADVAPI32.dll
0x77e70000 - 0x77f02000 	C:\WINDOWS\system32\RPCRT4.dll
0x77fe0000 - 0x77ff1000 	C:\WINDOWS\system32\Secur32.dll
0x5d090000 - 0x5d12a000 	C:\WINDOWS\system32\COMCTL32.dll
0x7c9c0000 - 0x7d1d7000 	C:\WINDOWS\system32\SHELL32.dll
0x77c10000 - 0x77c68000 	C:\WINDOWS\system32\msvcrt.dll
0x77f60000 - 0x77fd6000 	C:\WINDOWS\system32\SHLWAPI.dll
0x76390000 - 0x763ad000 	C:\WINDOWS\system32\IMM32.DLL
0x629c0000 - 0x629c9000 	C:\WINDOWS\system32\LPK.DLL
0x74d90000 - 0x74dfb000 	C:\WINDOWS\system32\USP10.dll
0x773d0000 - 0x774d3000 	C:\WINDOWS\WinSxS\x86_Microsoft.Windows.Common-Controls_6595b64144ccf1df_6.0.2600.5512_x-ww_35d4ce83\comctl32.dll
0x3d930000 - 0x3da01000 	C:\WINDOWS\system32\WININET.dll
0x008c0000 - 0x008c9000 	C:\WINDOWS\system32\Normaliz.dll
0x3dfd0000 - 0x3e015000 	C:\WINDOWS\system32\iertutil.dll
0x71ab0000 - 0x71ac7000 	C:\WINDOWS\system32\ws2_32.dll
0x71aa0000 - 0x71aa8000 	C:\WINDOWS\system32\WS2HELP.dll
0x76ee0000 - 0x76f1c000 	C:\WINDOWS\system32\RASAPI32.dll
0x76e90000 - 0x76ea2000 	C:\WINDOWS\system32\rasman.dll
0x5b860000 - 0x5b8b5000 	C:\WINDOWS\system32\NETAPI32.dll
0x76eb0000 - 0x76edf000 	C:\WINDOWS\system32\TAPI32.dll
0x76e80000 - 0x76e8e000 	C:\WINDOWS\system32\rtutils.dll
0x76b40000 - 0x76b6d000 	C:\WINDOWS\system32\WINMM.dll
0x769c0000 - 0x76a74000 	C:\WINDOWS\system32\USERENV.dll
0x77c70000 - 0x77c95000 	C:\WINDOWS\system32\msv1_0.dll
0x76790000 - 0x7679c000 	C:\WINDOWS\system32\cryptdll.dll
0x76d60000 - 0x76d79000 	C:\WINDOWS\system32\iphlpapi.dll
0x722b0000 - 0x722b5000 	C:\WINDOWS\system32\sensapi.dll
0x5ad70000 - 0x5ada8000 	C:\WINDOWS\system32\uxtheme.dll
0x6d740000 - 0x6d8de000 	C:\Program Files\Java\jdk1.5.0_20\jre\bin\client\jvm.dll
0x6d300000 - 0x6d308000 	C:\Program Files\Java\jdk1.5.0_20\jre\bin\hpi.dll
0x76bf0000 - 0x76bfb000 	C:\WINDOWS\system32\PSAPI.DLL
0x74720000 - 0x7476c000 	C:\WINDOWS\system32\MSCTF.dll
0x755c0000 - 0x755ee000 	C:\WINDOWS\system32\msctfime.ime
0x774e0000 - 0x7761d000 	C:\WINDOWS\system32\ole32.dll
0x6d710000 - 0x6d71c000 	C:\Program Files\Java\jdk1.5.0_20\jre\bin\verify.dll
0x6d380000 - 0x6d39d000 	C:\Program Files\Java\jdk1.5.0_20\jre\bin\java.dll
0x6d730000 - 0x6d73f000 	C:\Program Files\Java\jdk1.5.0_20\jre\bin\zip.dll
0x6d070000 - 0x6d1e0000 	C:\Program Files\Java\jdk1.5.0_20\jre\bin\awt.dll
0x73000000 - 0x73026000 	C:\WINDOWS\system32\WINSPOOL.DRV
0x73760000 - 0x737ab000 	C:\WINDOWS\system32\ddraw.dll
0x73bc0000 - 0x73bc6000 	C:\WINDOWS\system32\DCIMAN32.dll
0x6d2b0000 - 0x6d300000 	C:\Program Files\Java\jdk1.5.0_20\jre\bin\fontmanager.dll

VM Arguments:
jvm_args: -Dide.product=oracle.jdeveloper -Dide.splash.screen=splash.gif -Xverify:none -Xmx256M -XX:MaxPermSize=256M -XX:JavaPriority10_To_OSPriority=10 -XX:JavaPriority9_To_OSPriority=9 -XX:+UseConcMarkSweepGC -XX:+UseParNewGC -XX:+CMSIncrementalMode -XX:+CMSIncrementalPacing -XX:CMSIncrementalDutyCycleMin=0 -XX:CMSIncrementalDutyCycle=10 -Dsun.awt.keepWorkingSetOnMinimize=true -Dice.browser.forcegc=false -Dice.pilots.html4.tileOptThreshold=0 -Xbootclasspath/p:../lib/lwawt.jar -Dreserved_filenames=con,aux,prn,lpt1,lpt2,lpt3,lpt4,lpt5,lpt6,lpt7,lpt8,lpt9,com1,com2,com3,com4,com5,com6,com7,com8,com9,conin$,conout$ -DEDITOR_J2SE_VERSION=1.5 -DINSIGHT_OMIT_HIDDEN=true -Doracle.xdkjava.compatibility.version=9.0.4 -Doracle.translated.locales=ja -Dwindows.shell.font.languages=en -Dide.debug.controller.stack=false -Dceditor.java.parse.small=300 -Dceditor.java.parse.large=1500 -Dide.extension.cpmissing.nowarn=true -Dcompiler.vmargs=-mx512m -Doracle.soap.transport.noHTTPClient=true -Djbo.debugoutput=silent -Djbo.showdebugwarningbanner=false -Djava.library.path=c:\imagemagick;C:\oracle\instantclient_10_2;C:\WINDOWS\system32;C:\WINDOWS;C:\WINDOWS\System32\Wbem;C:\Program Files\Diskeeper Corporation\Diskeeper\;C:\ant\apache-ant-1.7.1\bin;C:\TOPLINK10.1.3\toplink\bin;C:\jboss-4.0.2\bin;C:\Program Files\TortoiseSVN\bin;C:\Program Files\QuickTime\QTSystem\;c:\Program Files\Microsoft SQL Server\100\Tools\Binn\;c:\Program Files\Microsoft SQL Server\100\DTS\Binn\;C:\Program Files\IBM\Page Detailer\;C:\WINDOWS\system32\WindowsPowerShell\v1.0;C:\Program Files\GnuWin32\bin;C:\Program Files\Java\jdk1.6.0_18\bin;..\lib\ext;..\..\lib -Dide.user.dir= -Dide.startingArg0=C:\jdevstudio10133\jdev\bin\jdevw.exe -Dide.launcherProcessId=4732 -Dide.config_pathname=C:\jdevstudio10133\jdev\bin\jdev.conf -Dide.startingcwd=C:\jdevstudio10133 -Dide.shell.fileTypeKeyDefined=true -Dide.shell.enableFileTypeAssociation=true -Djdev.class.path=..\..\..\classes;..\..\ide\lib\javax-ide.jar;..\..\ide\lib\javat
java_command: <unknown>
Launcher Type: generic

Environment Variables:
JAVA_HOME=C:\Program Files\Java\jdk1.6.0_18
CLASSPATH=.;C:\Sun\jwsdp-2.0\jaxb\lib\jaxb1-impl.jar;C:\Sun\jwsdp-2.0\jaxb\lib\jaxb-api.jar;C:\Sun\jwsdp-2.0\jaxb\lib\jaxb-impl.jar;C:\Sun\jwsdp-2.0\jaxb\lib\jaxb-xjc.jar;C:\Sun\jwsdp-2.0\jwsdp-shared\lib\relaxngDatatype.jar;C:\Program Files\Java\jre6\lib\ext\QTJava.zip
PATH=c:\imagemagick;C:\oracle\instantclient_10_2;C:\WINDOWS\system32;C:\WINDOWS;C:\WINDOWS\System32\Wbem;C:\Program Files\Diskeeper Corporation\Diskeeper\;C:\ant\apache-ant-1.7.1\bin;C:\TOPLINK10.1.3\toplink\bin;C:\jboss-4.0.2\bin;C:\Program Files\TortoiseSVN\bin;C:\Program Files\QuickTime\QTSystem\;c:\Program Files\Microsoft SQL Server\100\Tools\Binn\;c:\Program Files\Microsoft SQL Server\100\DTS\Binn\;C:\Program Files\IBM\Page Detailer\;C:\WINDOWS\system32\WindowsPowerShell\v1.0;C:\Program Files\GnuWin32\bin;C:\Program Files\Java\jdk1.6.0_18\bin
USERNAME=pghorpade
OS=Windows_NT
PROCESSOR_IDENTIFIER=x86 Family 15 Model 6 Stepping 4, GenuineIntel



---------------  S Y S T E M  ---------------

OS: Windows XP Build 2600 Service Pack 3

CPU:total 2 (cores per cpu 1, threads per core 2) family 15 model 6 stepping 4, cmov, cx8, fxsr, mmx, sse, sse2, sse3, ht

Memory: 4k page, physical 2096460k(520452k free), swap 4194303k(3580548k free)

vm_info: Java HotSpot(TM) Client VM (1.5.0_20-b02) for windows-x86, built on Jul 25 2009 02:30:20 by "java_re" with MS VC++ 6.0

time: Tue Sep 28 15:11:58 2010
elapsed time: 4 seconds

