#
# An unexpected error has been detected by HotSpot Virtual Machine:
#
#  EXCEPTION_ACCESS_VIOLATION (0xc0000005) at pc=0x6d15f7c9, pid=3448, tid=3744
#
# Java VM: Java HotSpot(TM) Client VM (1.5.0_20-b02 mixed mode)
# Problematic frame:
# C  [awt.dll+0xef7c9]
#

---------------  T H R E A D  ---------------

Current thread (0x24e72780):  JavaThread "AWT-EventQueue-0" [_thread_in_native, id=3744]

siginfo: ExceptionCode=0xc0000005, reading address 0x00000018

Registers:
EAX=0x2caaf8e0, EBX=0x00000000, ECX=0x2ca92408, EDX=0x00000000
ESP=0x25bdf374, EBP=0x25bdf3a0, ESI=0x13a6dc40, EDI=0x24e72840
EIP=0x6d15f7c9, EFLAGS=0x00010296

Top of Stack: (sp=0x25bdf374)
0x25bdf374:   13a6dc40 6d16080d 00000001 25bdf38c
0x25bdf384:   24e72780 13a6dc40 00000000 00000000
0x25bdf394:   00000000 00000000 24e72e38 25bdf3d0
0x25bdf3a4:   014682ff 24ddbdea 25bdf3e4 00000001
0x25bdf3b4:   25bdf3b4 00000000 25bdf3e4 13a6f1e0
0x25bdf3c4:   00000000 13a6dc40 25bdf3e0 25bdf404
0x25bdf3d4:   01462aba 00000000 01466513 00000001
0x25bdf3e4:   03af5010 25bdf3e8 13a6dcb8 25bdf40c 

Instructions: (pc=0x6d15f7c9)
0x6d15f7b9:   03 fc ff 8b 4c 24 08 8b 14 88 8b 0d c8 94 1a 6d
0x6d15f7c9:   8b 72 18 e8 cb 03 fc ff 8b c6 5e c3 90 90 90 90 


Stack: [0x25ae0000,0x25be0000),  sp=0x25bdf374,  free space=1020k
Native frames: (J=compiled Java code, j=interpreted, Vv=VM code, C=native code)
C  [awt.dll+0xef7c9]
j  sun.awt.Win32GraphicsConfig.getBounds(I)Ljava/awt/Rectangle;+0
j  sun.awt.Win32GraphicsConfig.getBounds()Ljava/awt/Rectangle;+8
j  oracle.ide.util.GraphicsUtils.getScreenBounds()[Ljava/awt/Rectangle;+40
j  oracle.ide.util.GraphicsUtils.getPopupMenuShowPoint(Ljavax/swing/JPopupMenu;II)Ljava/awt/Point;+26
j  oracle.ide.util.GraphicsUtils.getPopupMenuShowPoint(Ljavax/swing/JPopupMenu;Ljava/awt/event/MouseEvent;)Ljava/awt/Point;+32
j  oracle.ide.controller.ContextMenu.show(Loracle/ide/Context;)V+88
j  oracle.ideimpl.explorer.BaseTreeExplorer.tryPopup(Ljava/awt/event/MouseEvent;)V+145
j  oracle.ideimpl.explorer.BaseTreeExplorer.mouseReleased(Ljava/awt/event/MouseEvent;)V+18
j  oracle.ideimpl.explorer.CustomTree.processMouseEvent(Ljava/awt/event/MouseEvent;)V+114
J  java.awt.Component.processEvent(Ljava/awt/AWTEvent;)V
J  java.awt.Container.processEvent(Ljava/awt/AWTEvent;)V
J  java.awt.Component.dispatchEventImpl(Ljava/awt/AWTEvent;)V
J  java.awt.Container.dispatchEventImpl(Ljava/awt/AWTEvent;)V
J  java.awt.LightweightDispatcher.retargetMouseEvent(Ljava/awt/Component;ILjava/awt/event/MouseEvent;)V
J  java.awt.LightweightDispatcher.processMouseEvent(Ljava/awt/event/MouseEvent;)Z
J  java.awt.LightweightDispatcher.dispatchEvent(Ljava/awt/AWTEvent;)Z
J  java.awt.Container.dispatchEventImpl(Ljava/awt/AWTEvent;)V
J  java.awt.Window.dispatchEventImpl(Ljava/awt/AWTEvent;)V
J  java.awt.EventQueue.dispatchEvent(Ljava/awt/AWTEvent;)V
J  java.awt.EventDispatchThread.pumpOneEventForHierarchy(ILjava/awt/Component;)Z
J  java.awt.EventDispatchThread.pumpEventsForHierarchy(ILjava/awt/Conditional;Ljava/awt/Component;)V
v  ~OSRAdapter
j  java.awt.EventDispatchThread.pumpEvents(ILjava/awt/Conditional;)V+4
j  java.awt.EventDispatchThread.pumpEvents(Ljava/awt/Conditional;)V+3
j  java.awt.EventDispatchThread.run()V+9
v  ~StubRoutines::call_stub
V  [jvm.dll+0x876b1]
V  [jvm.dll+0xe0001]
V  [jvm.dll+0x87582]
V  [jvm.dll+0x872df]
V  [jvm.dll+0xa2131]
V  [jvm.dll+0x111949]
V  [jvm.dll+0x111917]
C  [msvcrt.dll+0x2a3b0]
C  [kernel32.dll+0xb729]

Java frames: (J=compiled Java code, j=interpreted, Vv=VM code)
j  sun.awt.Win32GraphicsConfig.getBounds(I)Ljava/awt/Rectangle;+0
j  sun.awt.Win32GraphicsConfig.getBounds()Ljava/awt/Rectangle;+8
j  oracle.ide.util.GraphicsUtils.getScreenBounds()[Ljava/awt/Rectangle;+40
j  oracle.ide.util.GraphicsUtils.getPopupMenuShowPoint(Ljavax/swing/JPopupMenu;II)Ljava/awt/Point;+26
j  oracle.ide.util.GraphicsUtils.getPopupMenuShowPoint(Ljavax/swing/JPopupMenu;Ljava/awt/event/MouseEvent;)Ljava/awt/Point;+32
j  oracle.ide.controller.ContextMenu.show(Loracle/ide/Context;)V+88
j  oracle.ideimpl.explorer.BaseTreeExplorer.tryPopup(Ljava/awt/event/MouseEvent;)V+145
j  oracle.ideimpl.explorer.BaseTreeExplorer.mouseReleased(Ljava/awt/event/MouseEvent;)V+18
j  oracle.ideimpl.explorer.CustomTree.processMouseEvent(Ljava/awt/event/MouseEvent;)V+114
J  java.awt.Component.processEvent(Ljava/awt/AWTEvent;)V
J  java.awt.Container.processEvent(Ljava/awt/AWTEvent;)V
J  java.awt.Component.dispatchEventImpl(Ljava/awt/AWTEvent;)V
J  java.awt.Container.dispatchEventImpl(Ljava/awt/AWTEvent;)V
J  java.awt.LightweightDispatcher.retargetMouseEvent(Ljava/awt/Component;ILjava/awt/event/MouseEvent;)V
J  java.awt.LightweightDispatcher.processMouseEvent(Ljava/awt/event/MouseEvent;)Z
J  java.awt.LightweightDispatcher.dispatchEvent(Ljava/awt/AWTEvent;)Z
J  java.awt.Container.dispatchEventImpl(Ljava/awt/AWTEvent;)V
J  java.awt.Window.dispatchEventImpl(Ljava/awt/AWTEvent;)V
J  java.awt.EventQueue.dispatchEvent(Ljava/awt/AWTEvent;)V
J  java.awt.EventDispatchThread.pumpOneEventForHierarchy(ILjava/awt/Component;)Z
J  java.awt.EventDispatchThread.pumpEventsForHierarchy(ILjava/awt/Conditional;Ljava/awt/Component;)V
v  ~OSRAdapter
j  java.awt.EventDispatchThread.pumpEvents(ILjava/awt/Conditional;)V+4
j  java.awt.EventDispatchThread.pumpEvents(Ljava/awt/Conditional;)V+3
j  java.awt.EventDispatchThread.run()V+9
v  ~StubRoutines::call_stub

---------------  P R O C E S S  ---------------

Java Threads: ( => current thread )
  0x2b612e30 JavaThread "SemanticChecker76" [_thread_in_native, id=4732]
  0x2ca37840 JavaThread "Thread-1034" daemon [_thread_blocked, id=4684]
  0x2cdef3a8 JavaThread "DebuggingProcessTimer" [_thread_blocked, id=5040]
  0x2b558e18 JavaThread "Persistence Auto Flusher" daemon [_thread_blocked, id=3172]
  0x2b02d748 JavaThread "IconOverlayTracker Timer" [_thread_blocked, id=680]
  0x2b1a6c80 JavaThread "AuditExecutor-473" daemon [_thread_blocked, id=3376]
  0x2b225d88 JavaThread "WaitCursorTimer" daemon [_thread_blocked, id=3452]
  0x2b155d00 JavaThread "BufferDomModel background parse thread" daemon [_thread_blocked, id=3740]
  0x2a9b0840 JavaThread "WeakDataReference polling" [_thread_blocked, id=1416]
  0x2afe4c60 JavaThread "WaitCursorTimer" daemon [_thread_blocked, id=3076]
  0x2b003db0 JavaThread "Native Directory Watcher" [_thread_in_native, id=2388]
  0x2af15f40 JavaThread "IconOverlayTracker Timer" [_thread_blocked, id=204]
  0x29d32818 JavaThread "Timer-2" [_thread_blocked, id=1948]
  0x2af587f0 JavaThread "Timer-1" [_thread_blocked, id=2484]
  0x24d99058 JavaThread "TimerQueue" daemon [_thread_blocked, id=2168]
=>0x24e72780 JavaThread "AWT-EventQueue-0" [_thread_in_native, id=3744]
  0x24e501e8 JavaThread "Java2D Disposer" daemon [_thread_blocked, id=1328]
  0x24e486e8 JavaThread "AWT-Windows" daemon [_thread_in_native, id=2616]
  0x24dc6c78 JavaThread "AWT-Shutdown" [_thread_blocked, id=2008]
  0x24d1ead0 JavaThread "Low Memory Detector" daemon [_thread_blocked, id=2020]
  0x24d1d7e8 JavaThread "CompilerThread0" daemon [_thread_blocked, id=952]
  0x24cfc6e8 JavaThread "Signal Dispatcher" daemon [_thread_blocked, id=4032]
  0x24cfc480 JavaThread "Surrogate Locker Thread (CMS)" daemon [_thread_blocked, id=1208]
  0x24cee1b8 JavaThread "Finalizer" daemon [_thread_blocked, id=2956]
  0x24cecd80 JavaThread "Reference Handler" daemon [_thread_blocked, id=2264]
  0x003cc8b0 JavaThread "main" [_thread_blocked, id=3256]

Other Threads:
  0x24cea360 VMThread [id=3912]
  0x24d1fe68 WatcherThread [id=2028]

VM state:not at safepoint (normal execution)

VM Mutex/Monitor currently owned by a thread: None

Heap
 par new generation   total 8128K, used 4767K [0x03660000, 0x03e60000, 0x03e60000)
  eden space 8064K,  59% used [0x03660000, 0x03b07c80, 0x03e40000)
  from space 64K,   0% used [0x03e50000, 0x03e50000, 0x03e60000)
  to   space 64K,   0% used [0x03e40000, 0x03e40000, 0x03e50000)
 concurrent mark-sweep generation total 253952K, used 177502K [0x03e60000, 0x13660000, 0x13660000)
 concurrent-mark-sweep perm gen total 148440K, used 89103K [0x13660000, 0x1c756000, 0x23660000)

Dynamic libraries:
0x00400000 - 0x0041d000 	C:\jdevstudio10133\jdev\bin\jdevw.exe
0x7c900000 - 0x7c9b2000 	C:\WINDOWS\system32\ntdll.dll
0x7c800000 - 0x7c8f6000 	C:\WINDOWS\system32\kernel32.dll
0x7e410000 - 0x7e4a1000 	C:\WINDOWS\system32\USER32.dll
0x77f10000 - 0x77f59000 	C:\WINDOWS\system32\GDI32.dll
0x763b0000 - 0x763f9000 	C:\WINDOWS\system32\comdlg32.dll
0x77dd0000 - 0x77e6b000 	C:\WINDOWS\system32\ADVAPI32.dll
0x77e70000 - 0x77f02000 	C:\WINDOWS\system32\RPCRT4.dll
0x77fe0000 - 0x77ff1000 	C:\WINDOWS\system32\Secur32.dll
0x5d090000 - 0x5d12a000 	C:\WINDOWS\system32\COMCTL32.dll
0x7c9c0000 - 0x7d1d7000 	C:\WINDOWS\system32\SHELL32.dll
0x77c10000 - 0x77c68000 	C:\WINDOWS\system32\msvcrt.dll
0x77f60000 - 0x77fd6000 	C:\WINDOWS\system32\SHLWAPI.dll
0x76390000 - 0x763ad000 	C:\WINDOWS\system32\IMM32.DLL
0x629c0000 - 0x629c9000 	C:\WINDOWS\system32\LPK.DLL
0x74d90000 - 0x74dfb000 	C:\WINDOWS\system32\USP10.dll
0x773d0000 - 0x774d3000 	C:\WINDOWS\WinSxS\x86_Microsoft.Windows.Common-Controls_6595b64144ccf1df_6.0.2600.5512_x-ww_35d4ce83\comctl32.dll
0x76c90000 - 0x76cb8000 	C:\WINDOWS\system32\imagehlp.dll
0x774e0000 - 0x7761d000 	C:\WINDOWS\system32\ole32.dll
0x3d930000 - 0x3da16000 	C:\WINDOWS\system32\WININET.dll
0x003e0000 - 0x003e9000 	C:\WINDOWS\system32\Normaliz.dll
0x78130000 - 0x78262000 	C:\WINDOWS\system32\urlmon.dll
0x77120000 - 0x771ab000 	C:\WINDOWS\system32\OLEAUT32.dll
0x3dfd0000 - 0x3e1b8000 	C:\WINDOWS\system32\iertutil.dll
0x71ab0000 - 0x71ac7000 	C:\WINDOWS\system32\ws2_32.dll
0x71aa0000 - 0x71aa8000 	C:\WINDOWS\system32\WS2HELP.dll
0x76ee0000 - 0x76f1c000 	C:\WINDOWS\system32\RASAPI32.dll
0x76e90000 - 0x76ea2000 	C:\WINDOWS\system32\rasman.dll
0x5b860000 - 0x5b8b5000 	C:\WINDOWS\system32\NETAPI32.dll
0x76eb0000 - 0x76edf000 	C:\WINDOWS\system32\TAPI32.dll
0x76e80000 - 0x76e8e000 	C:\WINDOWS\system32\rtutils.dll
0x76b40000 - 0x76b6d000 	C:\WINDOWS\system32\WINMM.dll
0x769c0000 - 0x76a74000 	C:\WINDOWS\system32\USERENV.dll
0x77c70000 - 0x77c95000 	C:\WINDOWS\system32\msv1_0.dll
0x76790000 - 0x7679c000 	C:\WINDOWS\system32\cryptdll.dll
0x76d60000 - 0x76d79000 	C:\WINDOWS\system32\iphlpapi.dll
0x722b0000 - 0x722b5000 	C:\WINDOWS\system32\sensapi.dll
0x5ad70000 - 0x5ada8000 	C:\WINDOWS\system32\uxtheme.dll
0x6d740000 - 0x6d8de000 	C:\Program Files\Java\jdk1.5.0_20\jre\bin\client\jvm.dll
0x74720000 - 0x7476c000 	C:\WINDOWS\system32\MSCTF.dll
0x6d300000 - 0x6d308000 	C:\Program Files\Java\jdk1.5.0_20\jre\bin\hpi.dll
0x76bf0000 - 0x76bfb000 	C:\WINDOWS\system32\PSAPI.DLL
0x755c0000 - 0x755ee000 	C:\WINDOWS\system32\msctfime.ime
0x6d710000 - 0x6d71c000 	C:\Program Files\Java\jdk1.5.0_20\jre\bin\verify.dll
0x6d380000 - 0x6d39d000 	C:\Program Files\Java\jdk1.5.0_20\jre\bin\java.dll
0x6d730000 - 0x6d73f000 	C:\Program Files\Java\jdk1.5.0_20\jre\bin\zip.dll
0x6d070000 - 0x6d1e0000 	C:\Program Files\Java\jdk1.5.0_20\jre\bin\awt.dll
0x73000000 - 0x73026000 	C:\WINDOWS\system32\WINSPOOL.DRV
0x73760000 - 0x737ab000 	C:\WINDOWS\system32\ddraw.dll
0x73bc0000 - 0x73bc6000 	C:\WINDOWS\system32\DCIMAN32.dll
0x6d2b0000 - 0x6d300000 	C:\Program Files\Java\jdk1.5.0_20\jre\bin\fontmanager.dll
0x6d540000 - 0x6d553000 	C:\Program Files\Java\jdk1.5.0_20\jre\bin\net.dll
0x6d560000 - 0x6d569000 	C:\Program Files\Java\jdk1.5.0_20\jre\bin\nio.dll
0x00e90000 - 0x00eaa000 	C:\jdevstudio10133\jdev\lib\jdevnative.dll
0x6d280000 - 0x6d288000 	C:\Program Files\Java\jdk1.5.0_20\jre\bin\dt_shmem.dll
0x71a50000 - 0x71a8f000 	C:\WINDOWS\System32\mswsock.dll
0x76f20000 - 0x76f47000 	C:\WINDOWS\system32\DNSAPI.dll
0x76fb0000 - 0x76fb8000 	C:\WINDOWS\System32\winrnr.dll
0x76f60000 - 0x76f8c000 	C:\WINDOWS\system32\WLDAP32.dll
0x64000000 - 0x64025000 	C:\Program Files\Bonjour\mdnsNSP.dll
0x76fc0000 - 0x76fc6000 	C:\WINDOWS\system32\rasadhlp.dll
0x662b0000 - 0x66308000 	C:\WINDOWS\system32\hnetcfg.dll
0x71a90000 - 0x71a98000 	C:\WINDOWS\System32\wshtcpip.dll
0x6d230000 - 0x6d253000 	C:\Program Files\Java\jdk1.5.0_20\jre\bin\dcpr.dll
0x605d0000 - 0x605d9000 	C:\WINDOWS\system32\mslbui.dll
0x68000000 - 0x68036000 	C:\WINDOWS\system32\rsaenh.dll
0x77b40000 - 0x77b62000 	C:\WINDOWS\system32\Apphelp.dll
0x77c00000 - 0x77c08000 	C:\WINDOWS\system32\VERSION.dll
0x2f0f0000 - 0x2f3b5000 	C:\WINDOWS\system32\xpsp2res.dll
0x71b20000 - 0x71b32000 	C:\WINDOWS\system32\MPR.dll
0x75f60000 - 0x75f67000 	C:\WINDOWS\System32\drprov.dll
0x71c10000 - 0x71c1e000 	C:\WINDOWS\System32\ntlanman.dll
0x71cd0000 - 0x71ce7000 	C:\WINDOWS\System32\NETUI0.dll
0x71c90000 - 0x71cd0000 	C:\WINDOWS\System32\NETUI1.dll
0x71c80000 - 0x71c87000 	C:\WINDOWS\System32\NETRAP.dll
0x71bf0000 - 0x71c03000 	C:\WINDOWS\System32\SAMLIB.dll
0x75f70000 - 0x75f7a000 	C:\WINDOWS\System32\davclnt.dll
0x25a70000 - 0x25a84000 	C:\WINDOWS\system32\LMIRfsClientNP.dll
0x77920000 - 0x77a13000 	C:\WINDOWS\system32\SETUPAPI.dll
0x76fd0000 - 0x7704f000 	C:\WINDOWS\system32\CLBCATQ.DLL
0x77050000 - 0x77115000 	C:\WINDOWS\system32\COMRes.dll
0x00bf0000 - 0x00c07000 	C:\Program Files\Common Files\TortoiseOverlays\TortoiseOverlays.dll
0x25ac0000 - 0x25ace000 	C:\Program Files\TortoiseSVN\bin\TortoiseStub.dll
0x26ff0000 - 0x270aa000 	C:\Program Files\TortoiseSVN\bin\TortoiseSVN.dll
0x6eec0000 - 0x6eee0000 	C:\Program Files\TortoiseSVN\bin\libapr_tsvn.dll
0x78520000 - 0x785c3000 	C:\WINDOWS\WinSxS\x86_Microsoft.VC90.CRT_1fc8b3b9a1e18e3b_9.0.30729.1_x-ww_6f74963e\MSVCR90.dll
0x6ee60000 - 0x6ee89000 	C:\Program Files\TortoiseSVN\bin\libaprutil_tsvn.dll
0x272e0000 - 0x272f2000 	C:\Program Files\TortoiseSVN\bin\intl3_tsvn.dll
0x78480000 - 0x7850e000 	C:\WINDOWS\WinSxS\x86_Microsoft.VC90.CRT_1fc8b3b9a1e18e3b_9.0.30729.1_x-ww_6f74963e\MSVCP90.dll
0x76780000 - 0x76789000 	C:\WINDOWS\system32\SHFOLDER.dll
0x27420000 - 0x2763f000 	C:\Program Files\Microsoft Office\Office12\GrooveShellExtensions.dll
0x68ef0000 - 0x68fe2000 	C:\Program Files\Microsoft Office\Office12\GrooveUtil.DLL
0x77a80000 - 0x77b15000 	C:\WINDOWS\system32\CRYPT32.dll
0x77b20000 - 0x77b32000 	C:\WINDOWS\system32\MSASN1.dll
0x27760000 - 0x277fb000 	C:\WINDOWS\WinSxS\x86_Microsoft.VC80.CRT_1fc8b3b9a1e18e3b_8.0.50727.4053_x-ww_e6967989\MSVCR80.dll
0x68ff0000 - 0x68ff7000 	C:\Program Files\Microsoft Office\Office12\GrooveNew.DLL
0x7c630000 - 0x7c64b000 	C:\WINDOWS\WinSxS\x86_Microsoft.VC80.ATL_1fc8b3b9a1e18e3b_8.0.50727.4053_x-ww_473666fd\ATL80.DLL
0x76380000 - 0x76385000 	C:\WINDOWS\system32\MSImg32.dll

VM Arguments:
jvm_args: -Dide.product=oracle.jdeveloper -Dide.splash.screen=splash.gif -Xverify:none -Xmx256M -XX:MaxPermSize=256M -XX:JavaPriority10_To_OSPriority=10 -XX:JavaPriority9_To_OSPriority=9 -XX:+UseConcMarkSweepGC -XX:+UseParNewGC -XX:+CMSIncrementalMode -XX:+CMSIncrementalPacing -XX:CMSIncrementalDutyCycleMin=0 -XX:CMSIncrementalDutyCycle=10 -Dsun.awt.keepWorkingSetOnMinimize=true -Dice.browser.forcegc=false -Dice.pilots.html4.tileOptThreshold=0 -Xbootclasspath/p:../lib/lwawt.jar -Dreserved_filenames=con,aux,prn,lpt1,lpt2,lpt3,lpt4,lpt5,lpt6,lpt7,lpt8,lpt9,com1,com2,com3,com4,com5,com6,com7,com8,com9,conin$,conout$ -DEDITOR_J2SE_VERSION=1.5 -DINSIGHT_OMIT_HIDDEN=true -Doracle.xdkjava.compatibility.version=9.0.4 -Doracle.translated.locales=ja -Dwindows.shell.font.languages=en -Dide.debug.controller.stack=false -Dceditor.java.parse.small=300 -Dceditor.java.parse.large=1500 -Dide.extension.cpmissing.nowarn=true -Dcompiler.vmargs=-mx512m -Doracle.soap.transport.noHTTPClient=true -Djbo.debugoutput=silent -Djbo.showdebugwarningbanner=false -Djava.library.path=c:\imagemagick;C:\oracle\instantclient_10_2;C:\WINDOWS\system32;C:\WINDOWS;C:\WINDOWS\System32\Wbem;C:\Program Files\Diskeeper Corporation\Diskeeper\;C:\ant\apache-ant-1.7.1\bin;C:\TOPLINK10.1.3\toplink\bin;C:\Program Files\Java\jdk1.6.0_10\bin;C:\jboss-4.0.2\bin;C:\Program Files\TortoiseSVN\bin;C:\Sun\AppServer\bin;C:\Sun\AppServer\lib\ant\bin;C:\Sun\jwsdp-2.0\jaxb\bin;C:\Sun\jwsdp-2.0\jwsdp-shared\bin;C:\Program Files\QuickTime\QTSystem\;c:\Program Files\Microsoft SQL Server\100\Tools\Binn\;c:\Program Files\Microsoft SQL Server\100\DTS\Binn\;C:\Program Files\IBM\Page Detailer\;C:\WINDOWS\system32\WindowsPowerShell\v1.0;C:\Sun\jwsdp-2.0\jwsdp-shared\bin;C:\Sun\AppServer\lib\ant\bin;C:\Sun\jwsdp-2.0\jaxb\bin;..\lib\ext;..\..\lib -Dide.user.dir= -Dide.startingArg0=C:\jdevstudio10133\jdev\bin\jdevw.exe -Dide.launcherProcessId=3448 -Dide.config_pathname=C:\jdevstudio10133\jdev\bin\jdev.conf -Dide.startingcwd=C:\jdevstud
java_command: <unknown>
Launcher Type: generic

Environment Variables:
JAVA_HOME=C:\Program Files\Java\jdk1.6.0_10
CLASSPATH=.;C:\Sun\jwsdp-2.0\jaxb\lib\jaxb1-impl.jar;C:\Sun\jwsdp-2.0\jaxb\lib\jaxb-api.jar;C:\Sun\jwsdp-2.0\jaxb\lib\jaxb-impl.jar;C:\Sun\jwsdp-2.0\jaxb\lib\jaxb-xjc.jar;C:\Sun\jwsdp-2.0\jwsdp-shared\lib\relaxngDatatype.jar;C:\Program Files\Java\jre6\lib\ext\QTJava.zip
PATH=c:\imagemagick;C:\oracle\instantclient_10_2;C:\WINDOWS\system32;C:\WINDOWS;C:\WINDOWS\System32\Wbem;C:\Program Files\Diskeeper Corporation\Diskeeper\;C:\ant\apache-ant-1.7.1\bin;C:\TOPLINK10.1.3\toplink\bin;C:\Program Files\Java\jdk1.6.0_10\bin;C:\jboss-4.0.2\bin;C:\Program Files\TortoiseSVN\bin;C:\Sun\AppServer\bin;C:\Sun\AppServer\lib\ant\bin;C:\Sun\jwsdp-2.0\jaxb\bin;C:\Sun\jwsdp-2.0\jwsdp-shared\bin;C:\Program Files\QuickTime\QTSystem\;c:\Program Files\Microsoft SQL Server\100\Tools\Binn\;c:\Program Files\Microsoft SQL Server\100\DTS\Binn\;C:\Program Files\IBM\Page Detailer\;C:\WINDOWS\system32\WindowsPowerShell\v1.0;C:\Sun\jwsdp-2.0\jwsdp-shared\bin;C:\Sun\AppServer\lib\ant\bin;C:\Sun\jwsdp-2.0\jaxb\bin
USERNAME=pghorpade
OS=Windows_NT
PROCESSOR_IDENTIFIER=x86 Family 15 Model 6 Stepping 4, GenuineIntel



---------------  S Y S T E M  ---------------

OS: Windows XP Build 2600 Service Pack 3

CPU:total 2 (cores per cpu 1, threads per core 2) family 15 model 6 stepping 4, cmov, cx8, fxsr, mmx, sse, sse2, sse3, ht

Memory: 4k page, physical 1047884k(43108k free), swap 4092204k(1822784k free)

vm_info: Java HotSpot(TM) Client VM (1.5.0_20-b02) for windows-x86, built on Jul 25 2009 02:30:20 by "java_re" with MS VC++ 6.0

time: Thu Jul 01 20:25:47 2010
elapsed time: 114244 seconds

