#
# An unexpected error has been detected by HotSpot Virtual Machine:
#
#  EXCEPTION_ACCESS_VIOLATION (0xc0000005) at pc=0x6d15aee0, pid=3424, tid=3772
#
# Java VM: Java HotSpot(TM) Client VM (1.5.0_20-b02 mixed mode)
# Problematic frame:
# C  [awt.dll+0xeaee0]
#

---------------  T H R E A D  ---------------

Current thread (0x24d24890):  JavaThread "AWT-EventQueue-0" [_thread_in_native, id=3772]

siginfo: ExceptionCode=0xc0000005, reading address 0x00000017

Registers:
EAX=0x24d25398, EBX=0x00000000, ECX=0x24d24e18, EDX=0x00000001
ESP=0x25b4f260, EBP=0x25b4f28c, ESI=0x0000000b, EDI=0x24d24950
EIP=0x6d15aee0, EFLAGS=0x00010216

Top of Stack: (sp=0x25b4f260)
0x25b4f260:   24d24890 137a7650 137a7650 6d16086a
0x25b4f270:   24d24950 24d24890 138fe860 25b4f260
0x25b4f280:   25b4fa64 6d16ad30 00000000 25b4f2bc
0x25b4f290:   012f82ff 24d24950 25b4f2d0 00000001
0x25b4f2a0:   25b4f2a0 00000000 25b4f2d0 137b1b38
0x25b4f2b0:   00000000 137a7650 25b4f2cc 25b4f2f0
0x25b4f2c0:   012f2aba 00000000 012f6513 00000001
0x25b4f2d0:   03d03580 25b4f2d4 137a748b 25b4f2fc 

Instructions: (pc=0x6d15aee0)
0x6d15aed0:   74 47 8b 7d 08 68 a8 4e 1a 6d 57 8b 17 ff 52 18
0x6d15aee0:   8b 4e 0c 8b 5e 1c 8b 56 10 2b cb 8b 5e 20 51 8b 


Stack: [0x25a50000,0x25b50000),  sp=0x25b4f260,  free space=1020k
Native frames: (J=compiled Java code, j=interpreted, Vv=VM code, C=native code)
C  [awt.dll+0xeaee0]
j  sun.awt.windows.WToolkit.getScreenInsets(I)Ljava/awt/Insets;+0
j  sun.awt.windows.WToolkit.getScreenInsets(Ljava/awt/GraphicsConfiguration;)Ljava/awt/Insets;+11
j  oracle.ide.util.GraphicsUtils.getScreenBounds()[Ljava/awt/Rectangle;+48
j  oracle.ide.util.GraphicsUtils.getPopupMenuShowPoint(Ljavax/swing/JPopupMenu;II)Ljava/awt/Point;+26
j  oracle.ide.util.GraphicsUtils.getPopupMenuShowPoint(Ljavax/swing/JPopupMenu;Ljava/awt/event/MouseEvent;)Ljava/awt/Point;+32
j  oracle.ide.controller.ContextMenu.show(Loracle/ide/Context;)V+88
j  oracle.ide.ceditor.CodeEditor.showPopup(Loracle/javatools/editor/BasicEditorPane;Ljava/awt/event/MouseEvent;)V+59
j  oracle.javatools.editor.BasicCaret.checkIsPopupTrigger(Ljava/awt/event/MouseEvent;)V+24
j  oracle.javatools.editor.BasicCaret.mouseReleased(Ljava/awt/event/MouseEvent;)V+7
j  oracle.javatools.editor.plugins.DragDropPlugin$DragCaret.mouseReleased(Ljava/awt/event/MouseEvent;)V+119
j  java.awt.AWTEventMulticaster.mouseReleased(Ljava/awt/event/MouseEvent;)V+21
j  java.awt.AWTEventMulticaster.mouseReleased(Ljava/awt/event/MouseEvent;)V+8
j  java.awt.AWTEventMulticaster.mouseReleased(Ljava/awt/event/MouseEvent;)V+8
j  java.awt.Component.processMouseEvent(Ljava/awt/event/MouseEvent;)V+64
j  javax.swing.JComponent.processMouseEvent(Ljava/awt/event/MouseEvent;)V+23
J  java.awt.Component.processEvent(Ljava/awt/AWTEvent;)V
J  java.awt.Container.processEvent(Ljava/awt/AWTEvent;)V
J  java.awt.Component.dispatchEventImpl(Ljava/awt/AWTEvent;)V
J  java.awt.Container.dispatchEventImpl(Ljava/awt/AWTEvent;)V
J  java.awt.LightweightDispatcher.retargetMouseEvent(Ljava/awt/Component;ILjava/awt/event/MouseEvent;)V
J  java.awt.LightweightDispatcher.processMouseEvent(Ljava/awt/event/MouseEvent;)Z
J  java.awt.LightweightDispatcher.dispatchEvent(Ljava/awt/AWTEvent;)Z
J  java.awt.Container.dispatchEventImpl(Ljava/awt/AWTEvent;)V
J  java.awt.Window.dispatchEventImpl(Ljava/awt/AWTEvent;)V
J  java.awt.EventQueue.dispatchEvent(Ljava/awt/AWTEvent;)V
J  java.awt.EventDispatchThread.pumpOneEventForHierarchy(ILjava/awt/Component;)Z
J  java.awt.EventDispatchThread.pumpEventsForHierarchy(ILjava/awt/Conditional;Ljava/awt/Component;)V
v  ~OSRAdapter
j  java.awt.EventDispatchThread.pumpEvents(ILjava/awt/Conditional;)V+4
j  java.awt.EventDispatchThread.pumpEvents(Ljava/awt/Conditional;)V+3
j  java.awt.EventDispatchThread.run()V+9
v  ~StubRoutines::call_stub
V  [jvm.dll+0x876b1]
V  [jvm.dll+0xe0001]
V  [jvm.dll+0x87582]
V  [jvm.dll+0x872df]
V  [jvm.dll+0xa2131]
V  [jvm.dll+0x111949]
V  [jvm.dll+0x111917]
C  [msvcrt.dll+0x2a3b0]
C  [kernel32.dll+0xb729]

Java frames: (J=compiled Java code, j=interpreted, Vv=VM code)
j  sun.awt.windows.WToolkit.getScreenInsets(I)Ljava/awt/Insets;+0
j  sun.awt.windows.WToolkit.getScreenInsets(Ljava/awt/GraphicsConfiguration;)Ljava/awt/Insets;+11
j  oracle.ide.util.GraphicsUtils.getScreenBounds()[Ljava/awt/Rectangle;+48
j  oracle.ide.util.GraphicsUtils.getPopupMenuShowPoint(Ljavax/swing/JPopupMenu;II)Ljava/awt/Point;+26
j  oracle.ide.util.GraphicsUtils.getPopupMenuShowPoint(Ljavax/swing/JPopupMenu;Ljava/awt/event/MouseEvent;)Ljava/awt/Point;+32
j  oracle.ide.controller.ContextMenu.show(Loracle/ide/Context;)V+88
j  oracle.ide.ceditor.CodeEditor.showPopup(Loracle/javatools/editor/BasicEditorPane;Ljava/awt/event/MouseEvent;)V+59
j  oracle.javatools.editor.BasicCaret.checkIsPopupTrigger(Ljava/awt/event/MouseEvent;)V+24
j  oracle.javatools.editor.BasicCaret.mouseReleased(Ljava/awt/event/MouseEvent;)V+7
j  oracle.javatools.editor.plugins.DragDropPlugin$DragCaret.mouseReleased(Ljava/awt/event/MouseEvent;)V+119
j  java.awt.AWTEventMulticaster.mouseReleased(Ljava/awt/event/MouseEvent;)V+21
j  java.awt.AWTEventMulticaster.mouseReleased(Ljava/awt/event/MouseEvent;)V+8
j  java.awt.AWTEventMulticaster.mouseReleased(Ljava/awt/event/MouseEvent;)V+8
j  java.awt.Component.processMouseEvent(Ljava/awt/event/MouseEvent;)V+64
j  javax.swing.JComponent.processMouseEvent(Ljava/awt/event/MouseEvent;)V+23
J  java.awt.Component.processEvent(Ljava/awt/AWTEvent;)V
J  java.awt.Container.processEvent(Ljava/awt/AWTEvent;)V
J  java.awt.Component.dispatchEventImpl(Ljava/awt/AWTEvent;)V
J  java.awt.Container.dispatchEventImpl(Ljava/awt/AWTEvent;)V
J  java.awt.LightweightDispatcher.retargetMouseEvent(Ljava/awt/Component;ILjava/awt/event/MouseEvent;)V
J  java.awt.LightweightDispatcher.processMouseEvent(Ljava/awt/event/MouseEvent;)Z
J  java.awt.LightweightDispatcher.dispatchEvent(Ljava/awt/AWTEvent;)Z
J  java.awt.Container.dispatchEventImpl(Ljava/awt/AWTEvent;)V
J  java.awt.Window.dispatchEventImpl(Ljava/awt/AWTEvent;)V
J  java.awt.EventQueue.dispatchEvent(Ljava/awt/AWTEvent;)V
J  java.awt.EventDispatchThread.pumpOneEventForHierarchy(ILjava/awt/Component;)Z
J  java.awt.EventDispatchThread.pumpEventsForHierarchy(ILjava/awt/Conditional;Ljava/awt/Component;)V
v  ~OSRAdapter
j  java.awt.EventDispatchThread.pumpEvents(ILjava/awt/Conditional;)V+4
j  java.awt.EventDispatchThread.pumpEvents(Ljava/awt/Conditional;)V+3
j  java.awt.EventDispatchThread.run()V+9
v  ~StubRoutines::call_stub

---------------  P R O C E S S  ---------------

Java Threads: ( => current thread )
  0x2b3f1200 JavaThread "ImportAssistance5" [_thread_blocked, id=4784]
  0x2b3f2be8 JavaThread "ImplementsOverrideGutterUpdater22" [_thread_blocked, id=4728]
  0x2b3f3840 JavaThread "SemanticChecker21" [_thread_blocked, id=5772]
  0x2b280f18 JavaThread "Designer-Layout-Dispatcher [file:/C:/jdevstudio10133/jdev/mywork/Minasian/ViewController/public_html/minasianindex.html]" [_thread_blocked, id=2744]
  0x2a1ad360 JavaThread "Designer-Layout-Dispatcher [file:/C:/jdevstudio10133/jdev/mywork/Minasian/ViewController/public_html/browse.html]" [_thread_blocked, id=2332]
  0x29c424a8 JavaThread "CssObservreTimer" daemon [_thread_blocked, id=1284]
  0x24c657c0 JavaThread "Designer-Layout-Dispatcher [file:/C:/jdevstudio10133/jdev/mywork/Minasian/ViewController/public_html/virtualCollections.html]" [_thread_blocked, id=3212]
  0x2b695318 JavaThread "Persistence Auto Flusher" daemon [_thread_blocked, id=484]
  0x2ac628d0 JavaThread "IconOverlayTracker Timer" [_thread_blocked, id=2696]
  0x2b151e38 JavaThread "AuditExecutor-164" daemon [_thread_blocked, id=2524]
  0x2ae0fb70 JavaThread "BufferDomModel background parse thread" daemon [_thread_blocked, id=3104]
  0x2ab04d28 JavaThread "WaitCursorTimer" daemon [_thread_blocked, id=2868]
  0x2b566208 JavaThread "Native Directory Watcher" [_thread_in_native, id=3840]
  0x2b1c1238 JavaThread "WeakDataReference polling" [_thread_blocked, id=2700]
  0x2ad898d8 JavaThread "WaitCursorTimer" daemon [_thread_blocked, id=2756]
  0x2afe50d0 JavaThread "IconOverlayTracker Timer" [_thread_blocked, id=2168]
  0x2afe1570 JavaThread "Timer-2" [_thread_blocked, id=3448]
  0x2afe6d20 JavaThread "Timer-1" [_thread_blocked, id=2944]
  0x24d49498 JavaThread "TimerQueue" daemon [_thread_blocked, id=3736]
=>0x24d24890 JavaThread "AWT-EventQueue-0" [_thread_in_native, id=3772]
  0x24d18870 JavaThread "Java2D Disposer" daemon [_thread_blocked, id=3064]
  0x24cfc9f8 JavaThread "AWT-Windows" daemon [_thread_in_native, id=3788]
  0x24c99f38 JavaThread "AWT-Shutdown" [_thread_blocked, id=3792]
  0x24bcef80 JavaThread "Low Memory Detector" daemon [_thread_blocked, id=176]
  0x24bcdc08 JavaThread "CompilerThread0" daemon [_thread_blocked, id=2388]
  0x24bba330 JavaThread "Signal Dispatcher" daemon [_thread_blocked, id=3784]
  0x24bac828 JavaThread "Surrogate Locker Thread (CMS)" daemon [_thread_blocked, id=3748]
  0x24b9d770 JavaThread "Finalizer" daemon [_thread_blocked, id=2240]
  0x24b9cd18 JavaThread "Reference Handler" daemon [_thread_blocked, id=2224]
  0x003cc008 JavaThread "main" [_thread_blocked, id=3732]

Other Threads:
  0x24b99d08 VMThread [id=3660]
  0x24bd0148 WatcherThread [id=1056]

VM state:not at safepoint (normal execution)

VM Mutex/Monitor currently owned by a thread: None

Heap
 par new generation   total 8128K, used 6129K [0x034f0000, 0x03cf0000, 0x03cf0000)
  eden space 8064K,  76% used [0x034f0000, 0x03aec468, 0x03cd0000)
  from space 64K,   0% used [0x03ce0000, 0x03ce0000, 0x03cf0000)
  to   space 64K,   0% used [0x03cd0000, 0x03cd0000, 0x03ce0000)
 concurrent mark-sweep generation total 253952K, used 239585K [0x03cf0000, 0x134f0000, 0x134f0000)
 concurrent-mark-sweep perm gen total 135512K, used 82408K [0x134f0000, 0x1b946000, 0x234f0000)

Dynamic libraries:
0x00400000 - 0x0041d000 	C:\jdevstudio10133\jdev\bin\jdevw.exe
0x7c900000 - 0x7c9b2000 	C:\WINDOWS\system32\ntdll.dll
0x7c800000 - 0x7c8f6000 	C:\WINDOWS\system32\kernel32.dll
0x7e410000 - 0x7e4a1000 	C:\WINDOWS\system32\USER32.dll
0x77f10000 - 0x77f59000 	C:\WINDOWS\system32\GDI32.dll
0x763b0000 - 0x763f9000 	C:\WINDOWS\system32\comdlg32.dll
0x77dd0000 - 0x77e6b000 	C:\WINDOWS\system32\ADVAPI32.dll
0x77e70000 - 0x77f02000 	C:\WINDOWS\system32\RPCRT4.dll
0x77fe0000 - 0x77ff1000 	C:\WINDOWS\system32\Secur32.dll
0x5d090000 - 0x5d12a000 	C:\WINDOWS\system32\COMCTL32.dll
0x7c9c0000 - 0x7d1d7000 	C:\WINDOWS\system32\SHELL32.dll
0x77c10000 - 0x77c68000 	C:\WINDOWS\system32\msvcrt.dll
0x77f60000 - 0x77fd6000 	C:\WINDOWS\system32\SHLWAPI.dll
0x76390000 - 0x763ad000 	C:\WINDOWS\system32\IMM32.DLL
0x629c0000 - 0x629c9000 	C:\WINDOWS\system32\LPK.DLL
0x74d90000 - 0x74dfb000 	C:\WINDOWS\system32\USP10.dll
0x773d0000 - 0x774d3000 	C:\WINDOWS\WinSxS\x86_Microsoft.Windows.Common-Controls_6595b64144ccf1df_6.0.2600.5512_x-ww_35d4ce83\comctl32.dll
0x76c90000 - 0x76cb8000 	C:\WINDOWS\system32\imagehlp.dll
0x774e0000 - 0x7761d000 	C:\WINDOWS\system32\ole32.dll
0x3d930000 - 0x3da16000 	C:\WINDOWS\system32\WININET.dll
0x003e0000 - 0x003e9000 	C:\WINDOWS\system32\Normaliz.dll
0x78130000 - 0x78262000 	C:\WINDOWS\system32\urlmon.dll
0x77120000 - 0x771ab000 	C:\WINDOWS\system32\OLEAUT32.dll
0x3dfd0000 - 0x3e1b8000 	C:\WINDOWS\system32\iertutil.dll
0x71ab0000 - 0x71ac7000 	C:\WINDOWS\system32\ws2_32.dll
0x71aa0000 - 0x71aa8000 	C:\WINDOWS\system32\WS2HELP.dll
0x76ee0000 - 0x76f1c000 	C:\WINDOWS\system32\RASAPI32.dll
0x76e90000 - 0x76ea2000 	C:\WINDOWS\system32\rasman.dll
0x5b860000 - 0x5b8b5000 	C:\WINDOWS\system32\NETAPI32.dll
0x76eb0000 - 0x76edf000 	C:\WINDOWS\system32\TAPI32.dll
0x76e80000 - 0x76e8e000 	C:\WINDOWS\system32\rtutils.dll
0x76b40000 - 0x76b6d000 	C:\WINDOWS\system32\WINMM.dll
0x769c0000 - 0x76a74000 	C:\WINDOWS\system32\USERENV.dll
0x77c70000 - 0x77c95000 	C:\WINDOWS\system32\msv1_0.dll
0x76790000 - 0x7679c000 	C:\WINDOWS\system32\cryptdll.dll
0x76d60000 - 0x76d79000 	C:\WINDOWS\system32\iphlpapi.dll
0x5ad70000 - 0x5ada8000 	C:\WINDOWS\system32\uxtheme.dll
0x722b0000 - 0x722b5000 	C:\WINDOWS\system32\sensapi.dll
0x6d740000 - 0x6d8de000 	C:\Program Files\Java\jdk1.5.0_20\jre\bin\client\jvm.dll
0x6d300000 - 0x6d308000 	C:\Program Files\Java\jdk1.5.0_20\jre\bin\hpi.dll
0x76bf0000 - 0x76bfb000 	C:\WINDOWS\system32\PSAPI.DLL
0x6d710000 - 0x6d71c000 	C:\Program Files\Java\jdk1.5.0_20\jre\bin\verify.dll
0x6d380000 - 0x6d39d000 	C:\Program Files\Java\jdk1.5.0_20\jre\bin\java.dll
0x6d730000 - 0x6d73f000 	C:\Program Files\Java\jdk1.5.0_20\jre\bin\zip.dll
0x74720000 - 0x7476c000 	C:\WINDOWS\system32\MSCTF.dll
0x77c00000 - 0x77c08000 	C:\WINDOWS\system32\VERSION.dll
0x76d40000 - 0x76d58000 	C:\WINDOWS\system32\MPRAPI.dll
0x77cc0000 - 0x77cf2000 	C:\WINDOWS\system32\ACTIVEDS.dll
0x76e10000 - 0x76e35000 	C:\WINDOWS\system32\adsldpc.dll
0x76f60000 - 0x76f8c000 	C:\WINDOWS\system32\WLDAP32.dll
0x76b20000 - 0x76b31000 	C:\WINDOWS\system32\ATL.DLL
0x71bf0000 - 0x71c03000 	C:\WINDOWS\system32\SAMLIB.dll
0x77920000 - 0x77a13000 	C:\WINDOWS\system32\SETUPAPI.dll
0x73000000 - 0x73026000 	C:\WINDOWS\system32\winspool.drv
0x755c0000 - 0x755ee000 	C:\WINDOWS\system32\msctfime.ime
0x6d070000 - 0x6d1e0000 	C:\Program Files\Java\jdk1.5.0_20\jre\bin\awt.dll
0x73760000 - 0x737ab000 	C:\WINDOWS\system32\ddraw.dll
0x73bc0000 - 0x73bc6000 	C:\WINDOWS\system32\DCIMAN32.dll
0x6d2b0000 - 0x6d300000 	C:\Program Files\Java\jdk1.5.0_20\jre\bin\fontmanager.dll
0x6d540000 - 0x6d553000 	C:\Program Files\Java\jdk1.5.0_20\jre\bin\net.dll
0x6d560000 - 0x6d569000 	C:\Program Files\Java\jdk1.5.0_20\jre\bin\nio.dll
0x25960000 - 0x2597a000 	C:\jdevstudio10133\jdev\lib\jdevnative.dll
0x6d280000 - 0x6d288000 	C:\Program Files\Java\jdk1.5.0_20\jre\bin\dt_shmem.dll
0x71a50000 - 0x71a8f000 	C:\WINDOWS\System32\mswsock.dll
0x76f20000 - 0x76f47000 	C:\WINDOWS\system32\DNSAPI.dll
0x76fb0000 - 0x76fb8000 	C:\WINDOWS\System32\winrnr.dll
0x64000000 - 0x64025000 	C:\Program Files\Bonjour\mdnsNSP.dll
0x76fc0000 - 0x76fc6000 	C:\WINDOWS\system32\rasadhlp.dll
0x662b0000 - 0x66308000 	C:\WINDOWS\system32\hnetcfg.dll
0x71a90000 - 0x71a98000 	C:\WINDOWS\System32\wshtcpip.dll
0x6d230000 - 0x6d253000 	C:\Program Files\Java\jdk1.5.0_20\jre\bin\dcpr.dll
0x605d0000 - 0x605d9000 	C:\WINDOWS\system32\mslbui.dll
0x2c760000 - 0x2ca25000 	C:\WINDOWS\system32\xpsp2res.dll
0x68000000 - 0x68036000 	C:\WINDOWS\system32\rsaenh.dll
0x77b40000 - 0x77b62000 	C:\WINDOWS\system32\Apphelp.dll

VM Arguments:
jvm_args: -Dide.product=oracle.jdeveloper -Dide.splash.screen=splash.gif -Xverify:none -Xmx256M -XX:MaxPermSize=256M -XX:JavaPriority10_To_OSPriority=10 -XX:JavaPriority9_To_OSPriority=9 -XX:+UseConcMarkSweepGC -XX:+UseParNewGC -XX:+CMSIncrementalMode -XX:+CMSIncrementalPacing -XX:CMSIncrementalDutyCycleMin=0 -XX:CMSIncrementalDutyCycle=10 -Dsun.awt.keepWorkingSetOnMinimize=true -Dice.browser.forcegc=false -Dice.pilots.html4.tileOptThreshold=0 -Xbootclasspath/p:../lib/lwawt.jar -Dreserved_filenames=con,aux,prn,lpt1,lpt2,lpt3,lpt4,lpt5,lpt6,lpt7,lpt8,lpt9,com1,com2,com3,com4,com5,com6,com7,com8,com9,conin$,conout$ -DEDITOR_J2SE_VERSION=1.5 -DINSIGHT_OMIT_HIDDEN=true -Doracle.xdkjava.compatibility.version=9.0.4 -Doracle.translated.locales=ja -Dwindows.shell.font.languages=en -Dide.debug.controller.stack=false -Dceditor.java.parse.small=300 -Dceditor.java.parse.large=1500 -Dide.extension.cpmissing.nowarn=true -Dcompiler.vmargs=-mx512m -Doracle.soap.transport.noHTTPClient=true -Djbo.debugoutput=silent -Djbo.showdebugwarningbanner=false -Djava.library.path=c:\imagemagick;C:\oracle\instantclient_10_2;C:\WINDOWS\system32;C:\WINDOWS;C:\WINDOWS\System32\Wbem;C:\Program Files\Diskeeper Corporation\Diskeeper\;C:\ant\apache-ant-1.7.1\bin;C:\TOPLINK10.1.3\toplink\bin;C:\Program Files\Java\jdk1.6.0_10\bin;C:\jboss-4.0.2\bin;C:\Program Files\TortoiseSVN\bin;C:\Sun\AppServer\bin;C:\Sun\AppServer\lib\ant\bin;C:\Sun\jwsdp-2.0\jaxb\bin;C:\Sun\jwsdp-2.0\jwsdp-shared\bin;C:\Program Files\QuickTime\QTSystem\;c:\Program Files\Microsoft SQL Server\100\Tools\Binn\;c:\Program Files\Microsoft SQL Server\100\DTS\Binn\;C:\Program Files\IBM\Page Detailer\;C:\WINDOWS\system32\WindowsPowerShell\v1.0;C:\Sun\jwsdp-2.0\jwsdp-shared\bin;C:\Sun\AppServer\lib\ant\bin;C:\Sun\jwsdp-2.0\jaxb\bin;..\lib\ext;..\..\lib -Dide.user.dir= -Dide.startingArg0=C:\jdevstudio10133\jdev\bin\jdevw.exe -Dide.launcherProcessId=3424 -Dide.config_pathname=C:\jdevstudio10133\jdev\bin\jdev.conf -Dide.startingcwd=C:\jdevstud
java_command: <unknown>
Launcher Type: generic

Environment Variables:
JAVA_HOME=C:\Program Files\Java\jdk1.6.0_10
CLASSPATH=.;C:\Sun\jwsdp-2.0\jaxb\lib\jaxb1-impl.jar;C:\Sun\jwsdp-2.0\jaxb\lib\jaxb-api.jar;C:\Sun\jwsdp-2.0\jaxb\lib\jaxb-impl.jar;C:\Sun\jwsdp-2.0\jaxb\lib\jaxb-xjc.jar;C:\Sun\jwsdp-2.0\jwsdp-shared\lib\relaxngDatatype.jar;C:\Program Files\Java\jre6\lib\ext\QTJava.zip
PATH=c:\imagemagick;C:\oracle\instantclient_10_2;C:\WINDOWS\system32;C:\WINDOWS;C:\WINDOWS\System32\Wbem;C:\Program Files\Diskeeper Corporation\Diskeeper\;C:\ant\apache-ant-1.7.1\bin;C:\TOPLINK10.1.3\toplink\bin;C:\Program Files\Java\jdk1.6.0_10\bin;C:\jboss-4.0.2\bin;C:\Program Files\TortoiseSVN\bin;C:\Sun\AppServer\bin;C:\Sun\AppServer\lib\ant\bin;C:\Sun\jwsdp-2.0\jaxb\bin;C:\Sun\jwsdp-2.0\jwsdp-shared\bin;C:\Program Files\QuickTime\QTSystem\;c:\Program Files\Microsoft SQL Server\100\Tools\Binn\;c:\Program Files\Microsoft SQL Server\100\DTS\Binn\;C:\Program Files\IBM\Page Detailer\;C:\WINDOWS\system32\WindowsPowerShell\v1.0;C:\Sun\jwsdp-2.0\jwsdp-shared\bin;C:\Sun\AppServer\lib\ant\bin;C:\Sun\jwsdp-2.0\jaxb\bin
USERNAME=pghorpade
OS=Windows_NT
PROCESSOR_IDENTIFIER=x86 Family 15 Model 6 Stepping 4, GenuineIntel



---------------  S Y S T E M  ---------------

OS: Windows XP Build 2600 Service Pack 3

CPU:total 2 (cores per cpu 1, threads per core 2) family 15 model 6 stepping 4, cmov, cx8, fxsr, mmx, sse, sse2, sse3, ht

Memory: 4k page, physical 1047884k(127740k free), swap 4092204k(2606544k free)

vm_info: Java HotSpot(TM) Client VM (1.5.0_20-b02) for windows-x86, built on Jul 25 2009 02:30:20 by "java_re" with MS VC++ 6.0

time: Sat Jun 26 14:32:28 2010
elapsed time: 92940 seconds

