#
# An unexpected error has been detected by HotSpot Virtual Machine:
#
#  EXCEPTION_ACCESS_VIOLATION (0xc0000005) at pc=0x018f86ac, pid=4008, tid=3936
#
# Java VM: Java HotSpot(TM) Client VM (1.5.0_20-b02 mixed mode)
# Problematic frame:
# J  java.lang.String.substring(II)Ljava/lang/String;
#

---------------  T H R E A D  ---------------

Current thread (0x0088cbb8):  JavaThread "main" [_thread_in_Java, id=3936]

siginfo: ExceptionCode=0xc0000005, writing address 0x03e70004

Registers:
EAX=0x03e6fff0, EBX=0x03e54818, ECX=0x03e54818, EDX=0x13a7b518
ESP=0x0012f368, EBP=0x0012f3a0, ESI=0x00000000, EDI=0x00000002
EIP=0x018f86ac, EFLAGS=0x00010246

Top of Stack: (sp=0x0012f368)
0x0012f368:   0012f3a8 0012f410 0190e440 00000000
0x0012f378:   00000000 20000018 0000002f 00000000
0x0012f388:   20000018 00000000 00000018 0000002f
0x0012f398:   00000000 00000000 0012f410 0190e3f4
0x0012f3a8:   00000022 0000001b 03e54818 03e66a38
0x0012f3b8:   03e5a260 0012f3bc 14029958 0012f41c
0x0012f3c8:   1402a410 03e67270 00000021 0000002f
0x0012f3d8:   0012f43c 018729e3 0000002f 00000022 

Instructions: (pc=0x018f86ac)
0x018f869c:   c7 00 01 00 00 00 89 50 04 33 f6 bf 02 00 00 00
0x018f86ac:   89 74 f8 04 89 34 f8 4f 75 f6 8b 75 10 8b 7d 0c 


Stack: [0x00030000,0x00130000),  sp=0x0012f368,  free space=1020k
Native frames: (J=compiled Java code, j=interpreted, Vv=VM code, C=native code)
J  java.lang.String.substring(II)Ljava/lang/String;
J  oracle.ide.net.AlikeStrings.packStringArray([Ljava/lang/String;)V
j  oracle.ide.net.AlikeStrings.<init>([Ljava/lang/String;)V+41
J  oracle.ide.net.JarIndex.buildIndex()V
v  ~RuntimeStub::alignment_frame_return Runtime1 stub
j  oracle.ide.net.JarUtil.getJarIndex(Ljava/net/URL;)Loracle/ide/net/JarIndex;+175
j  oracle.ide.net.JarURLFileSystemHelper.tryGetJarIndex(Ljava/net/URL;)Loracle/ide/net/JarIndex;+1
j  oracle.ide.net.JarURLFileSystemHelper.exists(Ljava/net/URL;)Z+10
j  oracle.ide.net.URLFileSystem.exists(Ljava/net/URL;)Z+5
j  oracle.ideimpl.jsr198.VirtualFileSystemHelperImpl.exists(Ljava/net/URI;)Z+7
j  javax.ide.net.VirtualFileSystem.exists(Ljava/net/URI;)Z+20
j  oracle.ideimpl.extension.LegacyExtensionSource.getManifestURI()Ljava/net/URI;+32
j  oracle.ideimpl.extension.ExtensionManagerImpl.findLegacySources(Ljava/io/File;)Ljava/util/Collection;+87
j  oracle.ideimpl.extension.ExtensionManagerImpl.findAllExtensionSources()Ljava/util/Collection;+114
j  javax.ide.extension.ExtensionRegistry.loadExtensions()Ljava/util/Collection;+1
j  javax.ide.extension.ExtensionRegistry.initialize()V+1
j  oracle.ideimpl.extension.ExtensionManagerImpl.initialize()V+1
j  javax.ide.Service.getService(Ljava/lang/Class;)Ljavax/ide/Service;+18
j  javax.ide.extension.ExtensionRegistry.getExtensionRegistry()Ljavax/ide/extension/ExtensionRegistry;+21
j  oracle.ide.ExtensionRegistry.getOracleRegistry()Loracle/ide/ExtensionRegistry;+0
j  oracle.ide.IdeCore.startupImpl(Loracle/ide/IdeArgs;)V+1386
j  oracle.ide.Ide.startup(Loracle/ide/IdeCore;Loracle/ide/IdeArgs;)V+24
j  oracle.ideimpl.Main.start([Ljava/lang/String;)V+59
j  oracle.ideimpl.Main.main([Ljava/lang/String;)V+18
v  ~StubRoutines::call_stub
V  [jvm.dll+0x876b1]
V  [jvm.dll+0xe0001]
V  [jvm.dll+0x87582]
V  [jvm.dll+0x8e82e]
C  [jdevw.exe+0x677c]


---------------  P R O C E S S  ---------------

Java Threads: ( => current thread )
  0x25180a70 JavaThread "TimerQueue" daemon [_thread_blocked, id=1496]
  0x2517be48 JavaThread "AWT-EventQueue-0" [_thread_blocked, id=3068]
  0x2517b780 JavaThread "AWT-Shutdown" [_thread_blocked, id=756]
  0x25201228 JavaThread "Image Fetcher 3" daemon [_thread_blocked, id=3476]
  0x2529b578 JavaThread "Java2D Disposer" daemon [_thread_blocked, id=3172]
  0x25275110 JavaThread "AWT-Windows" daemon [_thread_in_native, id=2748]
  0x2514ed48 JavaThread "Low Memory Detector" daemon [_thread_blocked, id=2600]
  0x2514d9e8 JavaThread "CompilerThread0" daemon [_thread_blocked, id=3988]
  0x2512ca00 JavaThread "Signal Dispatcher" daemon [_thread_blocked, id=136]
  0x2512c828 JavaThread "Surrogate Locker Thread (CMS)" daemon [_thread_blocked, id=1004]
  0x2511e420 JavaThread "Finalizer" daemon [_thread_blocked, id=3652]
  0x2511cfe8 JavaThread "Reference Handler" daemon [_thread_blocked, id=2944]
=>0x0088cbb8 JavaThread "main" [_thread_in_Java, id=3936]

Other Threads:
  0x2511a5c8 VMThread [id=3768]
  0x2514ff10 WatcherThread [id=3992]

VM state:not at safepoint (normal execution)

VM Mutex/Monitor currently owned by a thread: None

Heap
 par new generation   total 4032K, used 4137K [0x03a70000, 0x03e70000, 0x04270000)
  eden space 3968K, 104% used [0x03a70000, 0x03e7a7a8, 0x03e50000)
  from space 64K,   0% used [0x03e50000, 0x03e50000, 0x03e60000)
  to   space 64K,   0% used [0x03e60000, 0x03e60000, 0x03e70000)
 concurrent mark-sweep generation total 12288K, used 0K [0x04270000, 0x04e70000, 0x13a70000)
 concurrent-mark-sweep perm gen total 8192K, used 5865K [0x13a70000, 0x14270000, 0x23a70000)

Dynamic libraries:
0x00400000 - 0x0041d000 	C:\jdevstudio10133\jdev\bin\jdevw.exe
0x7c900000 - 0x7c9b2000 	C:\WINDOWS\system32\ntdll.dll
0x7c800000 - 0x7c8f6000 	C:\WINDOWS\system32\kernel32.dll
0x7e410000 - 0x7e4a1000 	C:\WINDOWS\system32\USER32.dll
0x77f10000 - 0x77f59000 	C:\WINDOWS\system32\GDI32.dll
0x763b0000 - 0x763f9000 	C:\WINDOWS\system32\comdlg32.dll
0x77dd0000 - 0x77e6b000 	C:\WINDOWS\system32\ADVAPI32.dll
0x77e70000 - 0x77f02000 	C:\WINDOWS\system32\RPCRT4.dll
0x77fe0000 - 0x77ff1000 	C:\WINDOWS\system32\Secur32.dll
0x5d090000 - 0x5d12a000 	C:\WINDOWS\system32\COMCTL32.dll
0x7c9c0000 - 0x7d1d7000 	C:\WINDOWS\system32\SHELL32.dll
0x77c10000 - 0x77c68000 	C:\WINDOWS\system32\msvcrt.dll
0x77f60000 - 0x77fd6000 	C:\WINDOWS\system32\SHLWAPI.dll
0x76390000 - 0x763ad000 	C:\WINDOWS\system32\IMM32.DLL
0x629c0000 - 0x629c9000 	C:\WINDOWS\system32\LPK.DLL
0x74d90000 - 0x74dfb000 	C:\WINDOWS\system32\USP10.dll
0x773d0000 - 0x774d3000 	C:\WINDOWS\WinSxS\x86_Microsoft.Windows.Common-Controls_6595b64144ccf1df_6.0.2600.5512_x-ww_35d4ce83\comctl32.dll
0x3d930000 - 0x3da01000 	C:\WINDOWS\system32\WININET.dll
0x008c0000 - 0x008c9000 	C:\WINDOWS\system32\Normaliz.dll
0x3dfd0000 - 0x3e015000 	C:\WINDOWS\system32\iertutil.dll
0x71ab0000 - 0x71ac7000 	C:\WINDOWS\system32\ws2_32.dll
0x71aa0000 - 0x71aa8000 	C:\WINDOWS\system32\WS2HELP.dll
0x76ee0000 - 0x76f1c000 	C:\WINDOWS\system32\RASAPI32.dll
0x76e90000 - 0x76ea2000 	C:\WINDOWS\system32\rasman.dll
0x5b860000 - 0x5b8b5000 	C:\WINDOWS\system32\NETAPI32.dll
0x76eb0000 - 0x76edf000 	C:\WINDOWS\system32\TAPI32.dll
0x76e80000 - 0x76e8e000 	C:\WINDOWS\system32\rtutils.dll
0x76b40000 - 0x76b6d000 	C:\WINDOWS\system32\WINMM.dll
0x769c0000 - 0x76a74000 	C:\WINDOWS\system32\USERENV.dll
0x77c70000 - 0x77c95000 	C:\WINDOWS\system32\msv1_0.dll
0x76790000 - 0x7679c000 	C:\WINDOWS\system32\cryptdll.dll
0x76d60000 - 0x76d79000 	C:\WINDOWS\system32\iphlpapi.dll
0x722b0000 - 0x722b5000 	C:\WINDOWS\system32\sensapi.dll
0x5ad70000 - 0x5ada8000 	C:\WINDOWS\system32\uxtheme.dll
0x6d740000 - 0x6d8de000 	C:\Program Files\Java\jdk1.5.0_20\jre\bin\client\jvm.dll
0x74720000 - 0x7476c000 	C:\WINDOWS\system32\MSCTF.dll
0x755c0000 - 0x755ee000 	C:\WINDOWS\system32\msctfime.ime
0x774e0000 - 0x7761d000 	C:\WINDOWS\system32\ole32.dll
0x6d300000 - 0x6d308000 	C:\Program Files\Java\jdk1.5.0_20\jre\bin\hpi.dll
0x76bf0000 - 0x76bfb000 	C:\WINDOWS\system32\PSAPI.DLL
0x6d710000 - 0x6d71c000 	C:\Program Files\Java\jdk1.5.0_20\jre\bin\verify.dll
0x6d380000 - 0x6d39d000 	C:\Program Files\Java\jdk1.5.0_20\jre\bin\java.dll
0x6d730000 - 0x6d73f000 	C:\Program Files\Java\jdk1.5.0_20\jre\bin\zip.dll
0x6d070000 - 0x6d1e0000 	C:\Program Files\Java\jdk1.5.0_20\jre\bin\awt.dll
0x73000000 - 0x73026000 	C:\WINDOWS\system32\WINSPOOL.DRV
0x73760000 - 0x737ab000 	C:\WINDOWS\system32\ddraw.dll
0x73bc0000 - 0x73bc6000 	C:\WINDOWS\system32\DCIMAN32.dll
0x6d2b0000 - 0x6d300000 	C:\Program Files\Java\jdk1.5.0_20\jre\bin\fontmanager.dll

VM Arguments:
jvm_args: -Dide.product=oracle.jdeveloper -Dide.splash.screen=splash.gif -Xverify:none -Xmx256M -XX:MaxPermSize=256M -XX:JavaPriority10_To_OSPriority=10 -XX:JavaPriority9_To_OSPriority=9 -XX:+UseConcMarkSweepGC -XX:+UseParNewGC -XX:+CMSIncrementalMode -XX:+CMSIncrementalPacing -XX:CMSIncrementalDutyCycleMin=0 -XX:CMSIncrementalDutyCycle=10 -Dsun.awt.keepWorkingSetOnMinimize=true -Dice.browser.forcegc=false -Dice.pilots.html4.tileOptThreshold=0 -Xbootclasspath/p:../lib/lwawt.jar -Dreserved_filenames=con,aux,prn,lpt1,lpt2,lpt3,lpt4,lpt5,lpt6,lpt7,lpt8,lpt9,com1,com2,com3,com4,com5,com6,com7,com8,com9,conin$,conout$ -DEDITOR_J2SE_VERSION=1.5 -DINSIGHT_OMIT_HIDDEN=true -Doracle.xdkjava.compatibility.version=9.0.4 -Doracle.translated.locales=ja -Dwindows.shell.font.languages=en -Dide.debug.controller.stack=false -Dceditor.java.parse.small=300 -Dceditor.java.parse.large=1500 -Dide.extension.cpmissing.nowarn=true -Dcompiler.vmargs=-mx512m -Doracle.soap.transport.noHTTPClient=true -Djbo.debugoutput=silent -Djbo.showdebugwarningbanner=false -Djava.library.path=c:\imagemagick;C:\oracle\instantclient_10_2;C:\WINDOWS\system32;C:\WINDOWS;C:\WINDOWS\System32\Wbem;C:\Program Files\Diskeeper Corporation\Diskeeper\;C:\ant\apache-ant-1.7.1\bin;C:\TOPLINK10.1.3\toplink\bin;C:\Program Files\Java\jdk1.5.0_20\bin;C:\jboss-4.0.2\bin;C:\Program Files\TortoiseSVN\bin;C:\Sun\AppServer\bin;C:\Sun\AppServer\lib\ant\bin;C:\Sun\jwsdp-2.0\jaxb\bin;C:\Sun\jwsdp-2.0\jwsdp-shared\bin;C:\Program Files\QuickTime\QTSystem\;c:\Program Files\Microsoft SQL Server\100\Tools\Binn\;c:\Program Files\Microsoft SQL Server\100\DTS\Binn\;C:\Program Files\IBM\Page Detailer\;C:\WINDOWS\system32\WindowsPowerShell\v1.0;C:\Program Files\GnuWin32\bin;C:\Sun\jwsdp-2.0\jwsdp-shared\bin;C:\Sun\AppServer\lib\ant\bin;C:\Sun\jwsdp-2.0\jaxb\bin;C:\Program Files\CVSNT\;C:\Program Files\Java\jdk1.5.0_20\bin;..\lib\ext;..\..\lib -Dide.user.dir= -Dide.startingArg0=C:\jdevstudio10133\jdev\bin\jdevw.exe -Dide.launcherProcessId=40
java_command: <unknown>
Launcher Type: generic

Environment Variables:
JAVA_HOME=C:\Program Files\Java\jdk1.5.0_20
CLASSPATH=.;C:\Sun\jwsdp-2.0\jaxb\lib\jaxb1-impl.jar;C:\Sun\jwsdp-2.0\jaxb\lib\jaxb-api.jar;C:\Sun\jwsdp-2.0\jaxb\lib\jaxb-impl.jar;C:\Sun\jwsdp-2.0\jaxb\lib\jaxb-xjc.jar;C:\Sun\jwsdp-2.0\jwsdp-shared\lib\relaxngDatatype.jar;C:\Program Files\Java\jre6\lib\ext\QTJava.zip
PATH=c:\imagemagick;C:\oracle\instantclient_10_2;C:\WINDOWS\system32;C:\WINDOWS;C:\WINDOWS\System32\Wbem;C:\Program Files\Diskeeper Corporation\Diskeeper\;C:\ant\apache-ant-1.7.1\bin;C:\TOPLINK10.1.3\toplink\bin;C:\Program Files\Java\jdk1.5.0_20\bin;C:\jboss-4.0.2\bin;C:\Program Files\TortoiseSVN\bin;C:\Sun\AppServer\bin;C:\Sun\AppServer\lib\ant\bin;C:\Sun\jwsdp-2.0\jaxb\bin;C:\Sun\jwsdp-2.0\jwsdp-shared\bin;C:\Program Files\QuickTime\QTSystem\;c:\Program Files\Microsoft SQL Server\100\Tools\Binn\;c:\Program Files\Microsoft SQL Server\100\DTS\Binn\;C:\Program Files\IBM\Page Detailer\;C:\WINDOWS\system32\WindowsPowerShell\v1.0;C:\Program Files\GnuWin32\bin;C:\Sun\jwsdp-2.0\jwsdp-shared\bin;C:\Sun\AppServer\lib\ant\bin;C:\Sun\jwsdp-2.0\jaxb\bin;C:\Program Files\CVSNT\;C:\Program Files\Java\jdk1.5.0_20\bin
USERNAME=pghorpade
OS=Windows_NT
PROCESSOR_IDENTIFIER=x86 Family 15 Model 6 Stepping 4, GenuineIntel



---------------  S Y S T E M  ---------------

OS: Windows XP Build 2600 Service Pack 3

CPU:total 2 (cores per cpu 1, threads per core 2) family 15 model 6 stepping 4, cmov, cx8, fxsr, mmx, sse, sse2, sse3, ht

Memory: 4k page, physical 1047884k(294572k free), swap 4092204k(3392360k free)

vm_info: Java HotSpot(TM) Client VM (1.5.0_20-b02) for windows-x86, built on Jul 25 2009 02:30:20 by "java_re" with MS VC++ 6.0

time: Tue Aug 10 16:10:06 2010
elapsed time: 25 seconds

